<?xml version="1.0" encoding="UTF-8"?>
<robot generator="Robot 7.0 (Python 3.12.4 on win32)" generated="2024-07-10T13:22:37.952150" rpa="false" schemaversion="5">
<suite id="s1" name="Kittisak WebUI Test" source="C:\Users\Jacp-PC\Automate\Kittisak_WebUI_Test.robot">
<kw name="Set Selenium Speed" owner="SeleniumLibrary" type="SETUP">
<arg>0.3</arg>
<doc>Sets the delay that is waited after each Selenium command.</doc>
<status status="PASS" start="2024-07-10T13:22:38.303015" elapsed="0.000000"/>
</kw>
<test id="s1-t1" name="TC01 Logout" line="11">
<kw name="Open Web Browser" owner="Keyword" type="SETUP">
<kw name="Open Browser" owner="SeleniumLibrary">
<msg time="2024-07-10T13:22:38.307024" level="INFO">Opening browser 'chrome' to base url 'https://automate-test.stpb-digital.com/login/'.</msg>
<arg>${Url}</arg>
<arg>${Browser}</arg>
<doc>Opens a new browser instance to the optional ``url``.</doc>
<status status="PASS" start="2024-07-10T13:22:38.306124" elapsed="2.934945"/>
</kw>
<kw name="Maximize Browser Window" owner="SeleniumLibrary">
<doc>Maximizes current browser window.</doc>
<status status="PASS" start="2024-07-10T13:22:41.241069" elapsed="0.327850"/>
</kw>
<kw name="Input Text" owner="SeleniumLibrary">
<msg time="2024-07-10T13:22:41.569909" level="INFO">Typing text 'user.test@krupbeam.com' into text field 'id=email'.</msg>
<arg>${locator_Email}</arg>
<arg>user.test@krupbeam.com</arg>
<doc>Types the given ``text`` into the text field identified by ``locator``.</doc>
<status status="PASS" start="2024-07-10T13:22:41.568919" elapsed="1.041936"/>
</kw>
<kw name="Input Text" owner="SeleniumLibrary">
<msg time="2024-07-10T13:22:42.610855" level="INFO">Typing text '123456789' into text field 'name=password'.</msg>
<arg>${locator_Password}</arg>
<arg>123456789</arg>
<doc>Types the given ``text`` into the text field identified by ``locator``.</doc>
<status status="PASS" start="2024-07-10T13:22:42.610855" elapsed="1.015029"/>
</kw>
<kw name="Click Element" owner="SeleniumLibrary">
<msg time="2024-07-10T13:22:43.625884" level="INFO">Clicking element 'id=btn-login'.</msg>
<arg>${locator_Login}</arg>
<doc>Click the element identified by ``locator``.</doc>
<status status="PASS" start="2024-07-10T13:22:43.625884" elapsed="0.698038"/>
</kw>
<status status="PASS" start="2024-07-10T13:22:38.306124" elapsed="6.017798"/>
</kw>
<kw name="Logout Page" owner="Keyword">
<kw name="Click Element" owner="SeleniumLibrary">
<msg time="2024-07-10T13:22:44.324923" level="INFO">Clicking element 'Xpath=//*[@id="__next"]/div[1]/div[2]/header/div/div/div[2]/span/div/img'.</msg>
<arg>${locator_IconUser}</arg>
<doc>Click the element identified by ``locator``.</doc>
<status status="PASS" start="2024-07-10T13:22:44.324923" elapsed="0.761446"/>
</kw>
<kw name="Wait Until Element Is Visible" owner="SeleniumLibrary">
<arg>${locator_Logout}</arg>
<arg>5</arg>
<doc>Waits until the element ``locator`` is visible.</doc>
<status status="PASS" start="2024-07-10T13:22:45.086369" elapsed="0.693581"/>
</kw>
<kw name="Click Element" owner="SeleniumLibrary">
<msg time="2024-07-10T13:22:45.779950" level="INFO">Clicking element 'Xpath=/html/body/div[3]/div[3]/ul/li'.</msg>
<arg>${locator_Logout}</arg>
<doc>Click the element identified by ``locator``.</doc>
<status status="PASS" start="2024-07-10T13:22:45.779950" elapsed="0.651491"/>
</kw>
<kw name="Wait Until Element Is Visible" owner="SeleniumLibrary">
<arg>${locator_Login}</arg>
<arg>5</arg>
<doc>Waits until the element ``locator`` is visible.</doc>
<status status="PASS" start="2024-07-10T13:22:46.431441" elapsed="0.621580"/>
</kw>
<status status="PASS" start="2024-07-10T13:22:44.324923" elapsed="2.728098"/>
</kw>
<kw name="Close Browser" owner="SeleniumLibrary" type="TEARDOWN">
<doc>Closes the current browser.</doc>
<status status="PASS" start="2024-07-10T13:22:47.054013" elapsed="2.427658"/>
</kw>
<doc>ใช้สำหรับทดสอบการ Log out ออกจากระบบ</doc>
<tag>Test Pass</tag>
<status status="PASS" start="2024-07-10T13:22:38.304016" elapsed="11.177655"/>
</test>
<test id="s1-t2" name="TC02 Read All Notifications" line="17">
<kw name="Open Web Browser" owner="Keyword" type="SETUP">
<kw name="Open Browser" owner="SeleniumLibrary">
<msg time="2024-07-10T13:22:49.484546" level="INFO">Opening browser 'chrome' to base url 'https://automate-test.stpb-digital.com/login/'.</msg>
<arg>${Url}</arg>
<arg>${Browser}</arg>
<doc>Opens a new browser instance to the optional ``url``.</doc>
<status status="PASS" start="2024-07-10T13:22:49.484546" elapsed="2.318303"/>
</kw>
<kw name="Maximize Browser Window" owner="SeleniumLibrary">
<doc>Maximizes current browser window.</doc>
<status status="PASS" start="2024-07-10T13:22:51.802849" elapsed="0.338998"/>
</kw>
<kw name="Input Text" owner="SeleniumLibrary">
<msg time="2024-07-10T13:22:52.141847" level="INFO">Typing text 'user.test@krupbeam.com' into text field 'id=email'.</msg>
<arg>${locator_Email}</arg>
<arg>user.test@krupbeam.com</arg>
<doc>Types the given ``text`` into the text field identified by ``locator``.</doc>
<status status="PASS" start="2024-07-10T13:22:52.141847" elapsed="1.050999"/>
</kw>
<kw name="Input Text" owner="SeleniumLibrary">
<msg time="2024-07-10T13:22:53.192846" level="INFO">Typing text '123456789' into text field 'name=password'.</msg>
<arg>${locator_Password}</arg>
<arg>123456789</arg>
<doc>Types the given ``text`` into the text field identified by ``locator``.</doc>
<status status="PASS" start="2024-07-10T13:22:53.192846" elapsed="1.013069"/>
</kw>
<kw name="Click Element" owner="SeleniumLibrary">
<msg time="2024-07-10T13:22:54.205915" level="INFO">Clicking element 'id=btn-login'.</msg>
<arg>${locator_Login}</arg>
<doc>Click the element identified by ``locator``.</doc>
<status status="PASS" start="2024-07-10T13:22:54.205915" elapsed="0.706003"/>
</kw>
<status status="PASS" start="2024-07-10T13:22:49.484546" elapsed="5.427372"/>
</kw>
<kw name="Read All Notifications" owner="Keyword">
<kw name="Wait Until Element Is Visible" owner="SeleniumLibrary">
<arg>${locator_Notifications}</arg>
<arg>5</arg>
<doc>Waits until the element ``locator`` is visible.</doc>
<status status="PASS" start="2024-07-10T13:22:54.912917" elapsed="0.729951"/>
</kw>
<kw name="Click Element" owner="SeleniumLibrary">
<msg time="2024-07-10T13:22:55.642868" level="INFO">Clicking element 'Xpath=//*[@id="__next"]/div[1]/div[2]/header/div/div/div[2]/button'.</msg>
<arg>${locator_Notifications}</arg>
<doc>Click the element identified by ``locator``.</doc>
<status status="PASS" start="2024-07-10T13:22:55.642868" elapsed="0.706997"/>
</kw>
<kw name="Wait Until Element Is Visible" owner="SeleniumLibrary">
<arg>${locator_ReadNotifications}</arg>
<arg>5</arg>
<doc>Waits until the element ``locator`` is visible.</doc>
<status status="PASS" start="2024-07-10T13:22:56.349865" elapsed="0.626356"/>
</kw>
<kw name="Click Element" owner="SeleniumLibrary">
<msg time="2024-07-10T13:22:56.976221" level="INFO">Clicking element 'Xpath=/html/body/div[3]/div[3]/ul/li[2]/button'.</msg>
<arg>${locator_ReadNotifications}</arg>
<doc>Click the element identified by ``locator``.</doc>
<status status="PASS" start="2024-07-10T13:22:56.976221" elapsed="0.666320"/>
</kw>
<kw name="Wait Until Element Is Not Visible" owner="SeleniumLibrary">
<msg time="2024-07-10T13:22:57.963703" level="INFO">Suppressing StaleElementReferenceException from Selenium.</msg>
<arg>${locator_ReadNotifications}</arg>
<arg>5</arg>
<doc>Waits until the element ``locator`` is not visible.</doc>
<status status="PASS" start="2024-07-10T13:22:57.642541" elapsed="0.829835"/>
</kw>
<status status="PASS" start="2024-07-10T13:22:54.912917" elapsed="3.559459"/>
</kw>
<kw name="Close Browser" owner="SeleniumLibrary" type="TEARDOWN">
<doc>Closes the current browser.</doc>
<status status="PASS" start="2024-07-10T13:22:58.473379" elapsed="2.372502"/>
</kw>
<doc>ใช้สำหรับทดสอบการกดอ่านข้อความแจ้งเตือน</doc>
<tag>Test Pass</tag>
<status status="PASS" start="2024-07-10T13:22:49.482688" elapsed="11.364167"/>
</test>
<test id="s1-t3" name="TC03 Verify search result Rows per page" line="22">
<kw name="Open Web Browser" owner="Keyword" type="SETUP">
<kw name="Open Browser" owner="SeleniumLibrary">
<msg time="2024-07-10T13:23:00.849853" level="INFO">Opening browser 'chrome' to base url 'https://automate-test.stpb-digital.com/login/'.</msg>
<arg>${Url}</arg>
<arg>${Browser}</arg>
<doc>Opens a new browser instance to the optional ``url``.</doc>
<status status="PASS" start="2024-07-10T13:23:00.849853" elapsed="2.335773"/>
</kw>
<kw name="Maximize Browser Window" owner="SeleniumLibrary">
<doc>Maximizes current browser window.</doc>
<status status="PASS" start="2024-07-10T13:23:03.185626" elapsed="0.331219"/>
</kw>
<kw name="Input Text" owner="SeleniumLibrary">
<msg time="2024-07-10T13:23:03.517836" level="INFO">Typing text 'user.test@krupbeam.com' into text field 'id=email'.</msg>
<arg>${locator_Email}</arg>
<arg>user.test@krupbeam.com</arg>
<doc>Types the given ``text`` into the text field identified by ``locator``.</doc>
<status status="PASS" start="2024-07-10T13:23:03.516845" elapsed="1.024712"/>
</kw>
<kw name="Input Text" owner="SeleniumLibrary">
<msg time="2024-07-10T13:23:04.541557" level="INFO">Typing text '123456789' into text field 'name=password'.</msg>
<arg>${locator_Password}</arg>
<arg>123456789</arg>
<doc>Types the given ``text`` into the text field identified by ``locator``.</doc>
<status status="PASS" start="2024-07-10T13:23:04.541557" elapsed="1.013383"/>
</kw>
<kw name="Click Element" owner="SeleniumLibrary">
<msg time="2024-07-10T13:23:05.554940" level="INFO">Clicking element 'id=btn-login'.</msg>
<arg>${locator_Login}</arg>
<doc>Click the element identified by ``locator``.</doc>
<status status="PASS" start="2024-07-10T13:23:05.554940" elapsed="0.696677"/>
</kw>
<status status="PASS" start="2024-07-10T13:23:00.849853" elapsed="5.401764"/>
</kw>
<kw name="Verify search result Rows per page" owner="Keyword">
<kw name="Wait Until Element Is Visible" owner="SeleniumLibrary">
<arg>${locator_Search}</arg>
<doc>Waits until the element ``locator`` is visible.</doc>
<status status="PASS" start="2024-07-10T13:23:06.252618" elapsed="0.680755"/>
</kw>
<kw name="Click Element" owner="SeleniumLibrary">
<msg time="2024-07-10T13:23:06.933373" level="INFO">Clicking element 'id=btn-search'.</msg>
<arg>${locator_Search}</arg>
<doc>Click the element identified by ``locator``.</doc>
<status status="PASS" start="2024-07-10T13:23:06.933373" elapsed="0.700054"/>
</kw>
<kw name="Execute Javascript" owner="SeleniumLibrary">
<msg time="2024-07-10T13:23:07.633427" level="INFO">Executing JavaScript:
window.scrollTo(1,100)
Without any arguments.</msg>
<arg>window.scrollTo(1,100)</arg>
<doc>Executes the given JavaScript code with possible arguments.</doc>
<status status="PASS" start="2024-07-10T13:23:07.633427" elapsed="0.317987"/>
</kw>
<kw name="Wait Until Element Is Visible" owner="SeleniumLibrary">
<arg>${locator_Row-per-page}</arg>
<doc>Waits until the element ``locator`` is visible.</doc>
<status status="PASS" start="2024-07-10T13:23:07.951414" elapsed="0.627514"/>
</kw>
<kw name="Click Element" owner="SeleniumLibrary">
<msg time="2024-07-10T13:23:08.578928" level="INFO">Clicking element 'Xpath=//*[@id="__next"]/div[1]/div[2]/main/div/div[2]/div/div[2]/div[3]/div/div[2]/div/div[2]'.</msg>
<arg>${locator_Row-per-page}</arg>
<doc>Click the element identified by ``locator``.</doc>
<status status="PASS" start="2024-07-10T13:23:08.578928" elapsed="0.658333"/>
</kw>
<kw name="Wait Until Element Is Visible" owner="SeleniumLibrary">
<arg>${locator_Row-per-page-25}</arg>
<doc>Waits until the element ``locator`` is visible.</doc>
<status status="PASS" start="2024-07-10T13:23:09.237261" elapsed="0.622529"/>
</kw>
<kw name="Click Element" owner="SeleniumLibrary">
<msg time="2024-07-10T13:23:09.859790" level="INFO">Clicking element 'Xpath=//*[@id="menu-"]/div[3]/ul/li[2]'.</msg>
<arg>${locator_Row-per-page-25}</arg>
<doc>Click the element identified by ``locator``.</doc>
<status status="PASS" start="2024-07-10T13:23:09.859790" elapsed="0.708515"/>
</kw>
<kw name="Execute Javascript" owner="SeleniumLibrary">
<msg time="2024-07-10T13:23:10.568305" level="INFO">Executing JavaScript:
window.scrollTo(1,700)
Without any arguments.</msg>
<arg>window.scrollTo(1,700)</arg>
<doc>Executes the given JavaScript code with possible arguments.</doc>
<status status="PASS" start="2024-07-10T13:23:10.568305" elapsed="0.309766"/>
</kw>
<kw name="Wait Until Element Is Visible" owner="SeleniumLibrary">
<arg>${locator_Next_page}</arg>
<doc>Waits until the element ``locator`` is visible.</doc>
<status status="PASS" start="2024-07-10T13:23:10.878071" elapsed="0.624947"/>
</kw>
<kw name="Click Element" owner="SeleniumLibrary">
<msg time="2024-07-10T13:23:11.503018" level="INFO">Clicking element 'Xpath=//*[@id="__next"]/div[1]/div[2]/main/div/div[2]/div/div[2]/div[3]/div/div[2]/div/div[3]/button[2]'.</msg>
<arg>${locator_Next_page}</arg>
<doc>Click the element identified by ``locator``.</doc>
<status status="PASS" start="2024-07-10T13:23:11.503018" elapsed="0.754993"/>
</kw>
<kw name="Wait Until Page Contains" owner="SeleniumLibrary">
<arg>Hugh Hasson</arg>
<arg>5</arg>
<doc>Waits until ``text`` appears on the current page.</doc>
<status status="PASS" start="2024-07-10T13:23:12.258011" elapsed="0.317002"/>
</kw>
<status status="PASS" start="2024-07-10T13:23:06.252618" elapsed="6.322395"/>
</kw>
<kw name="Close Browser" owner="SeleniumLibrary" type="TEARDOWN">
<doc>Closes the current browser.</doc>
<status status="PASS" start="2024-07-10T13:23:12.575013" elapsed="2.411342"/>
</kw>
<doc>ใช้สำหรับทดสอบการเลือกจำนวนการแสดงจำนวนผลลัพท์จากการค้นหา</doc>
<tag>Test Pass</tag>
<status status="PASS" start="2024-07-10T13:23:00.846855" elapsed="14.140490"/>
</test>
<test id="s1-t4" name="TC03 Select Filters Search" line="27">
<kw name="Open Web Browser" owner="Keyword" type="SETUP">
<kw name="Open Browser" owner="SeleniumLibrary">
<msg time="2024-07-10T13:23:14.992960" level="INFO">Opening browser 'chrome' to base url 'https://automate-test.stpb-digital.com/login/'.</msg>
<arg>${Url}</arg>
<arg>${Browser}</arg>
<doc>Opens a new browser instance to the optional ``url``.</doc>
<status status="PASS" start="2024-07-10T13:23:14.992960" elapsed="2.288511"/>
</kw>
<kw name="Maximize Browser Window" owner="SeleniumLibrary">
<doc>Maximizes current browser window.</doc>
<status status="PASS" start="2024-07-10T13:23:17.281471" elapsed="0.329807"/>
</kw>
<kw name="Input Text" owner="SeleniumLibrary">
<msg time="2024-07-10T13:23:17.611278" level="INFO">Typing text 'user.test@krupbeam.com' into text field 'id=email'.</msg>
<arg>${locator_Email}</arg>
<arg>user.test@krupbeam.com</arg>
<doc>Types the given ``text`` into the text field identified by ``locator``.</doc>
<status status="PASS" start="2024-07-10T13:23:17.611278" elapsed="1.023552"/>
</kw>
<kw name="Input Text" owner="SeleniumLibrary">
<msg time="2024-07-10T13:23:18.634830" level="INFO">Typing text '123456789' into text field 'name=password'.</msg>
<arg>${locator_Password}</arg>
<arg>123456789</arg>
<doc>Types the given ``text`` into the text field identified by ``locator``.</doc>
<status status="PASS" start="2024-07-10T13:23:18.634830" elapsed="1.008584"/>
</kw>
<kw name="Click Element" owner="SeleniumLibrary">
<msg time="2024-07-10T13:23:19.643942" level="INFO">Clicking element 'id=btn-login'.</msg>
<arg>${locator_Login}</arg>
<doc>Click the element identified by ``locator``.</doc>
<status status="PASS" start="2024-07-10T13:23:19.643414" elapsed="0.686385"/>
</kw>
<status status="PASS" start="2024-07-10T13:23:14.991903" elapsed="5.337896"/>
</kw>
<kw name="Select Filters Search" owner="Keyword">
<if>
<branch type="IF" condition="${Select-Role} == 1">
<kw name="Wait Until Element Is Visible" owner="SeleniumLibrary">
<arg>${locator_Select-Role}</arg>
<doc>Waits until the element ``locator`` is visible.</doc>
<status status="NOT RUN" start="2024-07-10T13:23:20.332802" elapsed="0.000000"/>
</kw>
<kw name="Click Element" owner="SeleniumLibrary">
<arg>${locator_Select-Role}</arg>
<doc>Click the element identified by ``locator``.</doc>
<status status="NOT RUN" start="2024-07-10T13:23:20.332802" elapsed="0.000000"/>
</kw>
<kw name="Wait Until Element Is Visible" owner="SeleniumLibrary">
<arg>${locator_Role-Admin}</arg>
<doc>Waits until the element ``locator`` is visible.</doc>
<status status="NOT RUN" start="2024-07-10T13:23:20.332802" elapsed="0.000000"/>
</kw>
<kw name="Click Element" owner="SeleniumLibrary">
<arg>${locator_Role-Admin}</arg>
<doc>Click the element identified by ``locator``.</doc>
<status status="NOT RUN" start="2024-07-10T13:23:20.333802" elapsed="0.000000"/>
</kw>
<status status="NOT RUN" start="2024-07-10T13:23:20.331798" elapsed="0.002004"/>
</branch>
<branch type="ELSE IF" condition="${Select-Role} == 2">
<kw name="Wait Until Element Is Visible" owner="SeleniumLibrary">
<arg>${locator_Select-Role}</arg>
<doc>Waits until the element ``locator`` is visible.</doc>
<status status="NOT RUN" start="2024-07-10T13:23:20.333802" elapsed="0.000000"/>
</kw>
<kw name="Click Element" owner="SeleniumLibrary">
<arg>${locator_Select-Role}</arg>
<doc>Click the element identified by ``locator``.</doc>
<status status="NOT RUN" start="2024-07-10T13:23:20.333802" elapsed="0.000000"/>
</kw>
<kw name="Wait Until Element Is Visible" owner="SeleniumLibrary">
<arg>${locator_Role-Author}</arg>
<doc>Waits until the element ``locator`` is visible.</doc>
<status status="NOT RUN" start="2024-07-10T13:23:20.334804" elapsed="0.000000"/>
</kw>
<kw name="Click Element" owner="SeleniumLibrary">
<arg>${locator_Role-Author}</arg>
<doc>Click the element identified by ``locator``.</doc>
<status status="NOT RUN" start="2024-07-10T13:23:20.334804" elapsed="0.000000"/>
</kw>
<status status="NOT RUN" start="2024-07-10T13:23:20.333802" elapsed="0.001002"/>
</branch>
<branch type="ELSE IF" condition="${Select-Role} == 3">
<kw name="Wait Until Element Is Visible" owner="SeleniumLibrary">
<arg>${locator_Select-Role}</arg>
<doc>Waits until the element ``locator`` is visible.</doc>
<status status="NOT RUN" start="2024-07-10T13:23:20.334804" elapsed="0.000000"/>
</kw>
<kw name="Click Element" owner="SeleniumLibrary">
<arg>${locator_Select-Role}</arg>
<doc>Click the element identified by ``locator``.</doc>
<status status="NOT RUN" start="2024-07-10T13:23:20.335803" elapsed="0.000000"/>
</kw>
<kw name="Wait Until Element Is Visible" owner="SeleniumLibrary">
<arg>${locator_Role-Editor}</arg>
<doc>Waits until the element ``locator`` is visible.</doc>
<status status="NOT RUN" start="2024-07-10T13:23:20.335803" elapsed="0.000000"/>
</kw>
<kw name="Click Element" owner="SeleniumLibrary">
<arg>${locator_Role-Editor}</arg>
<doc>Click the element identified by ``locator``.</doc>
<status status="NOT RUN" start="2024-07-10T13:23:20.335803" elapsed="0.000000"/>
</kw>
<status status="NOT RUN" start="2024-07-10T13:23:20.334804" elapsed="0.000999"/>
</branch>
<branch type="ELSE IF" condition="${Select-Role} == 4">
<kw name="Wait Until Element Is Visible" owner="SeleniumLibrary">
<arg>${locator_Select-Role}</arg>
<doc>Waits until the element ``locator`` is visible.</doc>
<status status="NOT RUN" start="2024-07-10T13:23:20.336803" elapsed="0.000000"/>
</kw>
<kw name="Click Element" owner="SeleniumLibrary">
<arg>${locator_Select-Role}</arg>
<doc>Click the element identified by ``locator``.</doc>
<status status="NOT RUN" start="2024-07-10T13:23:20.336803" elapsed="0.000000"/>
</kw>
<kw name="Wait Until Element Is Visible" owner="SeleniumLibrary">
<arg>${locator_Role-Maintainer}</arg>
<doc>Waits until the element ``locator`` is visible.</doc>
<status status="NOT RUN" start="2024-07-10T13:23:20.336803" elapsed="0.000000"/>
</kw>
<kw name="Click Element" owner="SeleniumLibrary">
<arg>${locator_Role-Maintainer}</arg>
<doc>Click the element identified by ``locator``.</doc>
<status status="NOT RUN" start="2024-07-10T13:23:20.336803" elapsed="0.000000"/>
</kw>
<status status="NOT RUN" start="2024-07-10T13:23:20.336803" elapsed="0.000000"/>
</branch>
<branch type="ELSE IF" condition="${Select-Role} == 5">
<kw name="Wait Until Element Is Visible" owner="SeleniumLibrary">
<arg>${locator_Select-Role}</arg>
<doc>Waits until the element ``locator`` is visible.</doc>
<status status="NOT RUN" start="2024-07-10T13:23:20.337801" elapsed="0.000000"/>
</kw>
<kw name="Click Element" owner="SeleniumLibrary">
<arg>${locator_Select-Role}</arg>
<doc>Click the element identified by ``locator``.</doc>
<status status="NOT RUN" start="2024-07-10T13:23:20.337801" elapsed="0.000000"/>
</kw>
<kw name="Wait Until Element Is Visible" owner="SeleniumLibrary">
<arg>${locator_Role-Subscriber}</arg>
<doc>Waits until the element ``locator`` is visible.</doc>
<status status="NOT RUN" start="2024-07-10T13:23:20.337801" elapsed="0.000000"/>
</kw>
<kw name="Click Element" owner="SeleniumLibrary">
<arg>${locator_Role-Subscriber}</arg>
<doc>Click the element identified by ``locator``.</doc>
<status status="NOT RUN" start="2024-07-10T13:23:20.337801" elapsed="0.000000"/>
</kw>
<status status="NOT RUN" start="2024-07-10T13:23:20.336803" elapsed="0.000998"/>
</branch>
<status status="PASS" start="2024-07-10T13:23:20.331798" elapsed="0.006003"/>
</if>
<if>
<branch type="IF" condition="${Select-Plan} == 1">
<kw name="Wait Until Element Is Visible" owner="SeleniumLibrary">
<arg>${locator_Select-Plan}</arg>
<doc>Waits until the element ``locator`` is visible.</doc>
<status status="NOT RUN" start="2024-07-10T13:23:20.338800" elapsed="0.000000"/>
</kw>
<kw name="Click Element" owner="SeleniumLibrary">
<arg>${locator_Select-Plan}</arg>
<doc>Click the element identified by ``locator``.</doc>
<status status="NOT RUN" start="2024-07-10T13:23:20.338800" elapsed="0.000000"/>
</kw>
<kw name="Wait Until Element Is Visible" owner="SeleniumLibrary">
<arg>${locator_Plan-Basic}</arg>
<doc>Waits until the element ``locator`` is visible.</doc>
<status status="NOT RUN" start="2024-07-10T13:23:20.338800" elapsed="0.000000"/>
</kw>
<kw name="Click Element" owner="SeleniumLibrary">
<arg>${locator_Plan-Basic}</arg>
<doc>Click the element identified by ``locator``.</doc>
<status status="NOT RUN" start="2024-07-10T13:23:20.338800" elapsed="0.000000"/>
</kw>
<status status="NOT RUN" start="2024-07-10T13:23:20.337801" elapsed="0.000999"/>
</branch>
<branch type="ELSE IF" condition="${Select-Plan} == 2">
<kw name="Wait Until Element Is Visible" owner="SeleniumLibrary">
<arg>${locator_Select-Plan}</arg>
<doc>Waits until the element ``locator`` is visible.</doc>
<status status="NOT RUN" start="2024-07-10T13:23:20.338800" elapsed="0.000000"/>
</kw>
<kw name="Click Element" owner="SeleniumLibrary">
<arg>${locator_Select-Plan}</arg>
<doc>Click the element identified by ``locator``.</doc>
<status status="NOT RUN" start="2024-07-10T13:23:20.339800" elapsed="0.000000"/>
</kw>
<kw name="Wait Until Element Is Visible" owner="SeleniumLibrary">
<arg>${locator_Plan-Company}</arg>
<doc>Waits until the element ``locator`` is visible.</doc>
<status status="NOT RUN" start="2024-07-10T13:23:20.339800" elapsed="0.000000"/>
</kw>
<kw name="Click Element" owner="SeleniumLibrary">
<arg>${locator_Plan-Company}</arg>
<doc>Click the element identified by ``locator``.</doc>
<status status="NOT RUN" start="2024-07-10T13:23:20.339800" elapsed="0.000000"/>
</kw>
<status status="NOT RUN" start="2024-07-10T13:23:20.338800" elapsed="0.001000"/>
</branch>
<branch type="ELSE IF" condition="${Select-Plan} == 3">
<kw name="Wait Until Element Is Visible" owner="SeleniumLibrary">
<arg>${locator_Select-Plan}</arg>
<doc>Waits until the element ``locator`` is visible.</doc>
<status status="NOT RUN" start="2024-07-10T13:23:20.339800" elapsed="0.000000"/>
</kw>
<kw name="Click Element" owner="SeleniumLibrary">
<arg>${locator_Select-Plan}</arg>
<doc>Click the element identified by ``locator``.</doc>
<status status="NOT RUN" start="2024-07-10T13:23:20.339800" elapsed="0.000000"/>
</kw>
<kw name="Wait Until Element Is Visible" owner="SeleniumLibrary">
<arg>${locator_Plan-Enterprise}</arg>
<doc>Waits until the element ``locator`` is visible.</doc>
<status status="NOT RUN" start="2024-07-10T13:23:20.339800" elapsed="0.000000"/>
</kw>
<kw name="Click Element" owner="SeleniumLibrary">
<arg>${locator_Plan-Enterprise}</arg>
<doc>Click the element identified by ``locator``.</doc>
<status status="NOT RUN" start="2024-07-10T13:23:20.340799" elapsed="0.000000"/>
</kw>
<status status="NOT RUN" start="2024-07-10T13:23:20.339800" elapsed="0.000999"/>
</branch>
<branch type="ELSE IF" condition="${Select-Plan} == 4">
<kw name="Wait Until Element Is Visible" owner="SeleniumLibrary">
<arg>${locator_Select-Plan}</arg>
<doc>Waits until the element ``locator`` is visible.</doc>
<status status="NOT RUN" start="2024-07-10T13:23:20.340799" elapsed="0.000000"/>
</kw>
<kw name="Click Element" owner="SeleniumLibrary">
<arg>${locator_Select-Plan}</arg>
<doc>Click the element identified by ``locator``.</doc>
<status status="NOT RUN" start="2024-07-10T13:23:20.340799" elapsed="0.000000"/>
</kw>
<kw name="Wait Until Element Is Visible" owner="SeleniumLibrary">
<arg>${locator_Plan-Team}</arg>
<doc>Waits until the element ``locator`` is visible.</doc>
<status status="NOT RUN" start="2024-07-10T13:23:20.340799" elapsed="0.000000"/>
</kw>
<kw name="Click Element" owner="SeleniumLibrary">
<arg>${locator_Plan-Team}</arg>
<doc>Click the element identified by ``locator``.</doc>
<status status="NOT RUN" start="2024-07-10T13:23:20.340799" elapsed="0.000000"/>
</kw>
<status status="NOT RUN" start="2024-07-10T13:23:20.340799" elapsed="0.000000"/>
</branch>
<status status="PASS" start="2024-07-10T13:23:20.337801" elapsed="0.002998"/>
</if>
<if>
<branch type="IF" condition="${Select-Status} == 1">
<kw name="Wait Until Element Is Visible" owner="SeleniumLibrary">
<arg>${locator_Select-Status}</arg>
<doc>Waits until the element ``locator`` is visible.</doc>
<status status="NOT RUN" start="2024-07-10T13:23:20.341798" elapsed="0.000000"/>
</kw>
<kw name="Click Element" owner="SeleniumLibrary">
<arg>${locator_Select-Status}</arg>
<doc>Click the element identified by ``locator``.</doc>
<status status="NOT RUN" start="2024-07-10T13:23:20.341798" elapsed="0.000000"/>
</kw>
<kw name="Wait Until Element Is Visible" owner="SeleniumLibrary">
<arg>${locator_Status-Panding}</arg>
<doc>Waits until the element ``locator`` is visible.</doc>
<status status="NOT RUN" start="2024-07-10T13:23:20.341798" elapsed="0.000000"/>
</kw>
<kw name="Click Element" owner="SeleniumLibrary">
<arg>${locator_Status-Panding}</arg>
<doc>Click the element identified by ``locator``.</doc>
<status status="NOT RUN" start="2024-07-10T13:23:20.341798" elapsed="0.000000"/>
</kw>
<status status="NOT RUN" start="2024-07-10T13:23:20.340799" elapsed="0.000999"/>
</branch>
<branch type="ELSE IF" condition="${Select-Status} == 2">
<kw name="Wait Until Element Is Visible" owner="SeleniumLibrary">
<arg>${locator_Select-Status}</arg>
<doc>Waits until the element ``locator`` is visible.</doc>
<status status="NOT RUN" start="2024-07-10T13:23:20.342803" elapsed="0.000000"/>
</kw>
<kw name="Click Element" owner="SeleniumLibrary">
<arg>${locator_Select-Status}</arg>
<doc>Click the element identified by ``locator``.</doc>
<status status="NOT RUN" start="2024-07-10T13:23:20.342803" elapsed="0.000000"/>
</kw>
<kw name="Wait Until Element Is Visible" owner="SeleniumLibrary">
<arg>${locator_Status-Active}</arg>
<doc>Waits until the element ``locator`` is visible.</doc>
<status status="NOT RUN" start="2024-07-10T13:23:20.342803" elapsed="0.000000"/>
</kw>
<kw name="Click Element" owner="SeleniumLibrary">
<arg>${locator_Status-Active}</arg>
<doc>Click the element identified by ``locator``.</doc>
<status status="NOT RUN" start="2024-07-10T13:23:20.342803" elapsed="0.000000"/>
</kw>
<status status="NOT RUN" start="2024-07-10T13:23:20.341798" elapsed="0.001005"/>
</branch>
<branch type="ELSE IF" condition="${Select-Status} == 3">
<kw name="Wait Until Element Is Visible" owner="SeleniumLibrary">
<arg>${locator_Select-Status}</arg>
<doc>Waits until the element ``locator`` is visible.</doc>
<status status="NOT RUN" start="2024-07-10T13:23:20.342803" elapsed="0.000000"/>
</kw>
<kw name="Click Element" owner="SeleniumLibrary">
<arg>${locator_Select-Status}</arg>
<doc>Click the element identified by ``locator``.</doc>
<status status="NOT RUN" start="2024-07-10T13:23:20.342803" elapsed="0.000000"/>
</kw>
<kw name="Wait Until Element Is Visible" owner="SeleniumLibrary">
<arg>${locator_Status-Inactive}</arg>
<doc>Waits until the element ``locator`` is visible.</doc>
<status status="NOT RUN" start="2024-07-10T13:23:20.342803" elapsed="0.000000"/>
</kw>
<kw name="Click Element" owner="SeleniumLibrary">
<arg>${locator_Status-Inactive}</arg>
<doc>Click the element identified by ``locator``.</doc>
<status status="NOT RUN" start="2024-07-10T13:23:20.343806" elapsed="0.000000"/>
</kw>
<status status="NOT RUN" start="2024-07-10T13:23:20.342803" elapsed="0.001003"/>
</branch>
<status status="PASS" start="2024-07-10T13:23:20.340799" elapsed="0.003007"/>
</if>
<kw name="Click Element" owner="SeleniumLibrary">
<msg time="2024-07-10T13:23:20.343806" level="INFO">Clicking element 'id=btn-search'.</msg>
<arg>${locator_Search}</arg>
<doc>Click the element identified by ``locator``.</doc>
<status status="PASS" start="2024-07-10T13:23:20.343806" elapsed="0.721688"/>
</kw>
<kw name="Wait Until Page Contains" owner="SeleniumLibrary">
<arg>${Result}</arg>
<arg>5</arg>
<doc>Waits until ``text`` appears on the current page.</doc>
<status status="PASS" start="2024-07-10T13:23:21.065494" elapsed="0.314675"/>
</kw>
<kw name="Click Element" owner="SeleniumLibrary">
<msg time="2024-07-10T13:23:21.380169" level="INFO">Clicking element 'id=btn-clear'.</msg>
<arg>${locator_Clear}</arg>
<doc>Click the element identified by ``locator``.</doc>
<status status="PASS" start="2024-07-10T13:23:21.380169" elapsed="0.693471"/>
</kw>
<arg>0</arg>
<arg>0</arg>
<arg>0</arg>
<arg>Halsey Redmore</arg>
<status status="PASS" start="2024-07-10T13:23:20.331798" elapsed="1.741842"/>
</kw>
<kw name="Select Filters Search" owner="Keyword">
<if>
<branch type="IF" condition="${Select-Role} == 1">
<kw name="Wait Until Element Is Visible" owner="SeleniumLibrary">
<arg>${locator_Select-Role}</arg>
<doc>Waits until the element ``locator`` is visible.</doc>
<status status="PASS" start="2024-07-10T13:23:22.075639" elapsed="0.628393"/>
</kw>
<kw name="Click Element" owner="SeleniumLibrary">
<msg time="2024-07-10T13:23:22.704032" level="INFO">Clicking element 'id=select-role'.</msg>
<arg>${locator_Select-Role}</arg>
<doc>Click the element identified by ``locator``.</doc>
<status status="PASS" start="2024-07-10T13:23:22.704032" elapsed="0.657275"/>
</kw>
<kw name="Wait Until Element Is Visible" owner="SeleniumLibrary">
<arg>${locator_Role-Admin}</arg>
<doc>Waits until the element ``locator`` is visible.</doc>
<status status="PASS" start="2024-07-10T13:23:23.361307" elapsed="0.627529"/>
</kw>
<kw name="Click Element" owner="SeleniumLibrary">
<msg time="2024-07-10T13:23:23.989841" level="INFO">Clicking element 'id=option-select-role-1'.</msg>
<arg>${locator_Role-Admin}</arg>
<doc>Click the element identified by ``locator``.</doc>
<status status="PASS" start="2024-07-10T13:23:23.988836" elapsed="0.672881"/>
</kw>
<status status="PASS" start="2024-07-10T13:23:22.074639" elapsed="2.587078"/>
</branch>
<branch type="ELSE IF" condition="${Select-Role} == 2">
<kw name="Wait Until Element Is Visible" owner="SeleniumLibrary">
<arg>${locator_Select-Role}</arg>
<doc>Waits until the element ``locator`` is visible.</doc>
<status status="NOT RUN" start="2024-07-10T13:23:24.661717" elapsed="0.000000"/>
</kw>
<kw name="Click Element" owner="SeleniumLibrary">
<arg>${locator_Select-Role}</arg>
<doc>Click the element identified by ``locator``.</doc>
<status status="NOT RUN" start="2024-07-10T13:23:24.661717" elapsed="0.000000"/>
</kw>
<kw name="Wait Until Element Is Visible" owner="SeleniumLibrary">
<arg>${locator_Role-Author}</arg>
<doc>Waits until the element ``locator`` is visible.</doc>
<status status="NOT RUN" start="2024-07-10T13:23:24.662718" elapsed="0.000000"/>
</kw>
<kw name="Click Element" owner="SeleniumLibrary">
<arg>${locator_Role-Author}</arg>
<doc>Click the element identified by ``locator``.</doc>
<status status="NOT RUN" start="2024-07-10T13:23:24.662718" elapsed="0.000000"/>
</kw>
<status status="NOT RUN" start="2024-07-10T13:23:24.661717" elapsed="0.001001"/>
</branch>
<branch type="ELSE IF" condition="${Select-Role} == 3">
<kw name="Wait Until Element Is Visible" owner="SeleniumLibrary">
<arg>${locator_Select-Role}</arg>
<doc>Waits until the element ``locator`` is visible.</doc>
<status status="NOT RUN" start="2024-07-10T13:23:24.662718" elapsed="0.000000"/>
</kw>
<kw name="Click Element" owner="SeleniumLibrary">
<arg>${locator_Select-Role}</arg>
<doc>Click the element identified by ``locator``.</doc>
<status status="NOT RUN" start="2024-07-10T13:23:24.662718" elapsed="0.000000"/>
</kw>
<kw name="Wait Until Element Is Visible" owner="SeleniumLibrary">
<arg>${locator_Role-Editor}</arg>
<doc>Waits until the element ``locator`` is visible.</doc>
<status status="NOT RUN" start="2024-07-10T13:23:24.662718" elapsed="0.000000"/>
</kw>
<kw name="Click Element" owner="SeleniumLibrary">
<arg>${locator_Role-Editor}</arg>
<doc>Click the element identified by ``locator``.</doc>
<status status="NOT RUN" start="2024-07-10T13:23:24.662718" elapsed="0.000000"/>
</kw>
<status status="NOT RUN" start="2024-07-10T13:23:24.662718" elapsed="0.000000"/>
</branch>
<branch type="ELSE IF" condition="${Select-Role} == 4">
<kw name="Wait Until Element Is Visible" owner="SeleniumLibrary">
<arg>${locator_Select-Role}</arg>
<doc>Waits until the element ``locator`` is visible.</doc>
<status status="NOT RUN" start="2024-07-10T13:23:24.663718" elapsed="0.000000"/>
</kw>
<kw name="Click Element" owner="SeleniumLibrary">
<arg>${locator_Select-Role}</arg>
<doc>Click the element identified by ``locator``.</doc>
<status status="NOT RUN" start="2024-07-10T13:23:24.663718" elapsed="0.000000"/>
</kw>
<kw name="Wait Until Element Is Visible" owner="SeleniumLibrary">
<arg>${locator_Role-Maintainer}</arg>
<doc>Waits until the element ``locator`` is visible.</doc>
<status status="NOT RUN" start="2024-07-10T13:23:24.663718" elapsed="0.000000"/>
</kw>
<kw name="Click Element" owner="SeleniumLibrary">
<arg>${locator_Role-Maintainer}</arg>
<doc>Click the element identified by ``locator``.</doc>
<status status="NOT RUN" start="2024-07-10T13:23:24.663718" elapsed="0.000000"/>
</kw>
<status status="NOT RUN" start="2024-07-10T13:23:24.662718" elapsed="0.001000"/>
</branch>
<branch type="ELSE IF" condition="${Select-Role} == 5">
<kw name="Wait Until Element Is Visible" owner="SeleniumLibrary">
<arg>${locator_Select-Role}</arg>
<doc>Waits until the element ``locator`` is visible.</doc>
<status status="NOT RUN" start="2024-07-10T13:23:24.663718" elapsed="0.000000"/>
</kw>
<kw name="Click Element" owner="SeleniumLibrary">
<arg>${locator_Select-Role}</arg>
<doc>Click the element identified by ``locator``.</doc>
<status status="NOT RUN" start="2024-07-10T13:23:24.663718" elapsed="0.000000"/>
</kw>
<kw name="Wait Until Element Is Visible" owner="SeleniumLibrary">
<arg>${locator_Role-Subscriber}</arg>
<doc>Waits until the element ``locator`` is visible.</doc>
<status status="NOT RUN" start="2024-07-10T13:23:24.663718" elapsed="0.000000"/>
</kw>
<kw name="Click Element" owner="SeleniumLibrary">
<arg>${locator_Role-Subscriber}</arg>
<doc>Click the element identified by ``locator``.</doc>
<status status="NOT RUN" start="2024-07-10T13:23:24.663718" elapsed="0.000999"/>
</kw>
<status status="NOT RUN" start="2024-07-10T13:23:24.663718" elapsed="0.000999"/>
</branch>
<status status="PASS" start="2024-07-10T13:23:22.074639" elapsed="2.590078"/>
</if>
<if>
<branch type="IF" condition="${Select-Plan} == 1">
<kw name="Wait Until Element Is Visible" owner="SeleniumLibrary">
<arg>${locator_Select-Plan}</arg>
<doc>Waits until the element ``locator`` is visible.</doc>
<status status="NOT RUN" start="2024-07-10T13:23:24.664717" elapsed="0.000000"/>
</kw>
<kw name="Click Element" owner="SeleniumLibrary">
<arg>${locator_Select-Plan}</arg>
<doc>Click the element identified by ``locator``.</doc>
<status status="NOT RUN" start="2024-07-10T13:23:24.664717" elapsed="0.000000"/>
</kw>
<kw name="Wait Until Element Is Visible" owner="SeleniumLibrary">
<arg>${locator_Plan-Basic}</arg>
<doc>Waits until the element ``locator`` is visible.</doc>
<status status="NOT RUN" start="2024-07-10T13:23:24.664717" elapsed="0.000000"/>
</kw>
<kw name="Click Element" owner="SeleniumLibrary">
<arg>${locator_Plan-Basic}</arg>
<doc>Click the element identified by ``locator``.</doc>
<status status="NOT RUN" start="2024-07-10T13:23:24.664717" elapsed="0.000000"/>
</kw>
<status status="NOT RUN" start="2024-07-10T13:23:24.664717" elapsed="0.000000"/>
</branch>
<branch type="ELSE IF" condition="${Select-Plan} == 2">
<kw name="Wait Until Element Is Visible" owner="SeleniumLibrary">
<arg>${locator_Select-Plan}</arg>
<doc>Waits until the element ``locator`` is visible.</doc>
<status status="NOT RUN" start="2024-07-10T13:23:24.665718" elapsed="0.000000"/>
</kw>
<kw name="Click Element" owner="SeleniumLibrary">
<arg>${locator_Select-Plan}</arg>
<doc>Click the element identified by ``locator``.</doc>
<status status="NOT RUN" start="2024-07-10T13:23:24.665718" elapsed="0.000000"/>
</kw>
<kw name="Wait Until Element Is Visible" owner="SeleniumLibrary">
<arg>${locator_Plan-Company}</arg>
<doc>Waits until the element ``locator`` is visible.</doc>
<status status="NOT RUN" start="2024-07-10T13:23:24.665718" elapsed="0.000000"/>
</kw>
<kw name="Click Element" owner="SeleniumLibrary">
<arg>${locator_Plan-Company}</arg>
<doc>Click the element identified by ``locator``.</doc>
<status status="NOT RUN" start="2024-07-10T13:23:24.665718" elapsed="0.000000"/>
</kw>
<status status="NOT RUN" start="2024-07-10T13:23:24.664717" elapsed="0.001001"/>
</branch>
<branch type="ELSE IF" condition="${Select-Plan} == 3">
<kw name="Wait Until Element Is Visible" owner="SeleniumLibrary">
<arg>${locator_Select-Plan}</arg>
<doc>Waits until the element ``locator`` is visible.</doc>
<status status="NOT RUN" start="2024-07-10T13:23:24.665718" elapsed="0.000000"/>
</kw>
<kw name="Click Element" owner="SeleniumLibrary">
<arg>${locator_Select-Plan}</arg>
<doc>Click the element identified by ``locator``.</doc>
<status status="NOT RUN" start="2024-07-10T13:23:24.665718" elapsed="0.000000"/>
</kw>
<kw name="Wait Until Element Is Visible" owner="SeleniumLibrary">
<arg>${locator_Plan-Enterprise}</arg>
<doc>Waits until the element ``locator`` is visible.</doc>
<status status="NOT RUN" start="2024-07-10T13:23:24.665718" elapsed="0.000000"/>
</kw>
<kw name="Click Element" owner="SeleniumLibrary">
<arg>${locator_Plan-Enterprise}</arg>
<doc>Click the element identified by ``locator``.</doc>
<status status="NOT RUN" start="2024-07-10T13:23:24.666718" elapsed="0.000000"/>
</kw>
<status status="NOT RUN" start="2024-07-10T13:23:24.665718" elapsed="0.001000"/>
</branch>
<branch type="ELSE IF" condition="${Select-Plan} == 4">
<kw name="Wait Until Element Is Visible" owner="SeleniumLibrary">
<arg>${locator_Select-Plan}</arg>
<doc>Waits until the element ``locator`` is visible.</doc>
<status status="NOT RUN" start="2024-07-10T13:23:24.666718" elapsed="0.000000"/>
</kw>
<kw name="Click Element" owner="SeleniumLibrary">
<arg>${locator_Select-Plan}</arg>
<doc>Click the element identified by ``locator``.</doc>
<status status="NOT RUN" start="2024-07-10T13:23:24.666718" elapsed="0.000000"/>
</kw>
<kw name="Wait Until Element Is Visible" owner="SeleniumLibrary">
<arg>${locator_Plan-Team}</arg>
<doc>Waits until the element ``locator`` is visible.</doc>
<status status="NOT RUN" start="2024-07-10T13:23:24.666718" elapsed="0.000000"/>
</kw>
<kw name="Click Element" owner="SeleniumLibrary">
<arg>${locator_Plan-Team}</arg>
<doc>Click the element identified by ``locator``.</doc>
<status status="NOT RUN" start="2024-07-10T13:23:24.666718" elapsed="0.000000"/>
</kw>
<status status="NOT RUN" start="2024-07-10T13:23:24.666718" elapsed="0.000000"/>
</branch>
<status status="PASS" start="2024-07-10T13:23:24.664717" elapsed="0.002001"/>
</if>
<if>
<branch type="IF" condition="${Select-Status} == 1">
<kw name="Wait Until Element Is Visible" owner="SeleniumLibrary">
<arg>${locator_Select-Status}</arg>
<doc>Waits until the element ``locator`` is visible.</doc>
<status status="NOT RUN" start="2024-07-10T13:23:24.667718" elapsed="0.000000"/>
</kw>
<kw name="Click Element" owner="SeleniumLibrary">
<arg>${locator_Select-Status}</arg>
<doc>Click the element identified by ``locator``.</doc>
<status status="NOT RUN" start="2024-07-10T13:23:24.667718" elapsed="0.000000"/>
</kw>
<kw name="Wait Until Element Is Visible" owner="SeleniumLibrary">
<arg>${locator_Status-Panding}</arg>
<doc>Waits until the element ``locator`` is visible.</doc>
<status status="NOT RUN" start="2024-07-10T13:23:24.667718" elapsed="0.000000"/>
</kw>
<kw name="Click Element" owner="SeleniumLibrary">
<arg>${locator_Status-Panding}</arg>
<doc>Click the element identified by ``locator``.</doc>
<status status="NOT RUN" start="2024-07-10T13:23:24.667718" elapsed="0.000000"/>
</kw>
<status status="NOT RUN" start="2024-07-10T13:23:24.666718" elapsed="0.001000"/>
</branch>
<branch type="ELSE IF" condition="${Select-Status} == 2">
<kw name="Wait Until Element Is Visible" owner="SeleniumLibrary">
<arg>${locator_Select-Status}</arg>
<doc>Waits until the element ``locator`` is visible.</doc>
<status status="NOT RUN" start="2024-07-10T13:23:24.667718" elapsed="0.000000"/>
</kw>
<kw name="Click Element" owner="SeleniumLibrary">
<arg>${locator_Select-Status}</arg>
<doc>Click the element identified by ``locator``.</doc>
<status status="NOT RUN" start="2024-07-10T13:23:24.667718" elapsed="0.000000"/>
</kw>
<kw name="Wait Until Element Is Visible" owner="SeleniumLibrary">
<arg>${locator_Status-Active}</arg>
<doc>Waits until the element ``locator`` is visible.</doc>
<status status="NOT RUN" start="2024-07-10T13:23:24.668705" elapsed="0.000000"/>
</kw>
<kw name="Click Element" owner="SeleniumLibrary">
<arg>${locator_Status-Active}</arg>
<doc>Click the element identified by ``locator``.</doc>
<status status="NOT RUN" start="2024-07-10T13:23:24.668705" elapsed="0.000000"/>
</kw>
<status status="NOT RUN" start="2024-07-10T13:23:24.667718" elapsed="0.000987"/>
</branch>
<branch type="ELSE IF" condition="${Select-Status} == 3">
<kw name="Wait Until Element Is Visible" owner="SeleniumLibrary">
<arg>${locator_Select-Status}</arg>
<doc>Waits until the element ``locator`` is visible.</doc>
<status status="NOT RUN" start="2024-07-10T13:23:24.668705" elapsed="0.000000"/>
</kw>
<kw name="Click Element" owner="SeleniumLibrary">
<arg>${locator_Select-Status}</arg>
<doc>Click the element identified by ``locator``.</doc>
<status status="NOT RUN" start="2024-07-10T13:23:24.668705" elapsed="0.000000"/>
</kw>
<kw name="Wait Until Element Is Visible" owner="SeleniumLibrary">
<arg>${locator_Status-Inactive}</arg>
<doc>Waits until the element ``locator`` is visible.</doc>
<status status="NOT RUN" start="2024-07-10T13:23:24.668705" elapsed="0.000000"/>
</kw>
<kw name="Click Element" owner="SeleniumLibrary">
<arg>${locator_Status-Inactive}</arg>
<doc>Click the element identified by ``locator``.</doc>
<status status="NOT RUN" start="2024-07-10T13:23:24.668705" elapsed="0.000000"/>
</kw>
<status status="NOT RUN" start="2024-07-10T13:23:24.668705" elapsed="0.000000"/>
</branch>
<status status="PASS" start="2024-07-10T13:23:24.666718" elapsed="0.001987"/>
</if>
<kw name="Click Element" owner="SeleniumLibrary">
<msg time="2024-07-10T13:23:24.669704" level="INFO">Clicking element 'id=btn-search'.</msg>
<arg>${locator_Search}</arg>
<doc>Click the element identified by ``locator``.</doc>
<status status="PASS" start="2024-07-10T13:23:24.669704" elapsed="0.695082"/>
</kw>
<kw name="Wait Until Page Contains" owner="SeleniumLibrary">
<arg>${Result}</arg>
<arg>5</arg>
<doc>Waits until ``text`` appears on the current page.</doc>
<status status="PASS" start="2024-07-10T13:23:25.364786" elapsed="0.313078"/>
</kw>
<kw name="Click Element" owner="SeleniumLibrary">
<msg time="2024-07-10T13:23:25.677864" level="INFO">Clicking element 'id=btn-clear'.</msg>
<arg>${locator_Clear}</arg>
<doc>Click the element identified by ``locator``.</doc>
<status status="PASS" start="2024-07-10T13:23:25.677864" elapsed="0.706197"/>
</kw>
<arg>1</arg>
<arg>0</arg>
<arg>0</arg>
<arg>Adeline Micco</arg>
<status status="PASS" start="2024-07-10T13:23:22.074639" elapsed="4.309422"/>
</kw>
<kw name="Select Filters Search" owner="Keyword">
<if>
<branch type="IF" condition="${Select-Role} == 1">
<kw name="Wait Until Element Is Visible" owner="SeleniumLibrary">
<arg>${locator_Select-Role}</arg>
<doc>Waits until the element ``locator`` is visible.</doc>
<status status="NOT RUN" start="2024-07-10T13:23:26.386064" elapsed="0.000000"/>
</kw>
<kw name="Click Element" owner="SeleniumLibrary">
<arg>${locator_Select-Role}</arg>
<doc>Click the element identified by ``locator``.</doc>
<status status="NOT RUN" start="2024-07-10T13:23:26.386064" elapsed="0.000000"/>
</kw>
<kw name="Wait Until Element Is Visible" owner="SeleniumLibrary">
<arg>${locator_Role-Admin}</arg>
<doc>Waits until the element ``locator`` is visible.</doc>
<status status="NOT RUN" start="2024-07-10T13:23:26.386064" elapsed="0.000000"/>
</kw>
<kw name="Click Element" owner="SeleniumLibrary">
<arg>${locator_Role-Admin}</arg>
<doc>Click the element identified by ``locator``.</doc>
<status status="NOT RUN" start="2024-07-10T13:23:26.386064" elapsed="0.000000"/>
</kw>
<status status="NOT RUN" start="2024-07-10T13:23:26.385064" elapsed="0.001000"/>
</branch>
<branch type="ELSE IF" condition="${Select-Role} == 2">
<kw name="Wait Until Element Is Visible" owner="SeleniumLibrary">
<arg>${locator_Select-Role}</arg>
<doc>Waits until the element ``locator`` is visible.</doc>
<status status="NOT RUN" start="2024-07-10T13:23:26.386064" elapsed="0.000000"/>
</kw>
<kw name="Click Element" owner="SeleniumLibrary">
<arg>${locator_Select-Role}</arg>
<doc>Click the element identified by ``locator``.</doc>
<status status="NOT RUN" start="2024-07-10T13:23:26.387075" elapsed="0.000000"/>
</kw>
<kw name="Wait Until Element Is Visible" owner="SeleniumLibrary">
<arg>${locator_Role-Author}</arg>
<doc>Waits until the element ``locator`` is visible.</doc>
<status status="NOT RUN" start="2024-07-10T13:23:26.387075" elapsed="0.000000"/>
</kw>
<kw name="Click Element" owner="SeleniumLibrary">
<arg>${locator_Role-Author}</arg>
<doc>Click the element identified by ``locator``.</doc>
<status status="NOT RUN" start="2024-07-10T13:23:26.387075" elapsed="0.000000"/>
</kw>
<status status="NOT RUN" start="2024-07-10T13:23:26.386064" elapsed="0.001011"/>
</branch>
<branch type="ELSE IF" condition="${Select-Role} == 3">
<kw name="Wait Until Element Is Visible" owner="SeleniumLibrary">
<arg>${locator_Select-Role}</arg>
<doc>Waits until the element ``locator`` is visible.</doc>
<status status="NOT RUN" start="2024-07-10T13:23:26.387075" elapsed="0.000000"/>
</kw>
<kw name="Click Element" owner="SeleniumLibrary">
<arg>${locator_Select-Role}</arg>
<doc>Click the element identified by ``locator``.</doc>
<status status="NOT RUN" start="2024-07-10T13:23:26.387075" elapsed="0.000000"/>
</kw>
<kw name="Wait Until Element Is Visible" owner="SeleniumLibrary">
<arg>${locator_Role-Editor}</arg>
<doc>Waits until the element ``locator`` is visible.</doc>
<status status="NOT RUN" start="2024-07-10T13:23:26.387075" elapsed="0.000000"/>
</kw>
<kw name="Click Element" owner="SeleniumLibrary">
<arg>${locator_Role-Editor}</arg>
<doc>Click the element identified by ``locator``.</doc>
<status status="NOT RUN" start="2024-07-10T13:23:26.387075" elapsed="0.000986"/>
</kw>
<status status="NOT RUN" start="2024-07-10T13:23:26.387075" elapsed="0.000986"/>
</branch>
<branch type="ELSE IF" condition="${Select-Role} == 4">
<kw name="Wait Until Element Is Visible" owner="SeleniumLibrary">
<arg>${locator_Select-Role}</arg>
<doc>Waits until the element ``locator`` is visible.</doc>
<status status="NOT RUN" start="2024-07-10T13:23:26.388061" elapsed="0.000000"/>
</kw>
<kw name="Click Element" owner="SeleniumLibrary">
<arg>${locator_Select-Role}</arg>
<doc>Click the element identified by ``locator``.</doc>
<status status="NOT RUN" start="2024-07-10T13:23:26.388061" elapsed="0.000000"/>
</kw>
<kw name="Wait Until Element Is Visible" owner="SeleniumLibrary">
<arg>${locator_Role-Maintainer}</arg>
<doc>Waits until the element ``locator`` is visible.</doc>
<status status="NOT RUN" start="2024-07-10T13:23:26.388061" elapsed="0.000000"/>
</kw>
<kw name="Click Element" owner="SeleniumLibrary">
<arg>${locator_Role-Maintainer}</arg>
<doc>Click the element identified by ``locator``.</doc>
<status status="NOT RUN" start="2024-07-10T13:23:26.388061" elapsed="0.000000"/>
</kw>
<status status="NOT RUN" start="2024-07-10T13:23:26.388061" elapsed="0.000000"/>
</branch>
<branch type="ELSE IF" condition="${Select-Role} == 5">
<kw name="Wait Until Element Is Visible" owner="SeleniumLibrary">
<arg>${locator_Select-Role}</arg>
<doc>Waits until the element ``locator`` is visible.</doc>
<status status="NOT RUN" start="2024-07-10T13:23:26.388061" elapsed="0.001002"/>
</kw>
<kw name="Click Element" owner="SeleniumLibrary">
<arg>${locator_Select-Role}</arg>
<doc>Click the element identified by ``locator``.</doc>
<status status="NOT RUN" start="2024-07-10T13:23:26.389063" elapsed="0.000000"/>
</kw>
<kw name="Wait Until Element Is Visible" owner="SeleniumLibrary">
<arg>${locator_Role-Subscriber}</arg>
<doc>Waits until the element ``locator`` is visible.</doc>
<status status="NOT RUN" start="2024-07-10T13:23:26.389063" elapsed="0.000000"/>
</kw>
<kw name="Click Element" owner="SeleniumLibrary">
<arg>${locator_Role-Subscriber}</arg>
<doc>Click the element identified by ``locator``.</doc>
<status status="NOT RUN" start="2024-07-10T13:23:26.389063" elapsed="0.000000"/>
</kw>
<status status="NOT RUN" start="2024-07-10T13:23:26.388061" elapsed="0.001002"/>
</branch>
<status status="PASS" start="2024-07-10T13:23:26.385064" elapsed="0.003999"/>
</if>
<if>
<branch type="IF" condition="${Select-Plan} == 1">
<kw name="Wait Until Element Is Visible" owner="SeleniumLibrary">
<arg>${locator_Select-Plan}</arg>
<doc>Waits until the element ``locator`` is visible.</doc>
<status status="PASS" start="2024-07-10T13:23:26.389063" elapsed="0.624758"/>
</kw>
<kw name="Click Element" owner="SeleniumLibrary">
<msg time="2024-07-10T13:23:27.013821" level="INFO">Clicking element 'id=select-plan'.</msg>
<arg>${locator_Select-Plan}</arg>
<doc>Click the element identified by ``locator``.</doc>
<status status="PASS" start="2024-07-10T13:23:27.013821" elapsed="0.651014"/>
</kw>
<kw name="Wait Until Element Is Visible" owner="SeleniumLibrary">
<arg>${locator_Plan-Basic}</arg>
<doc>Waits until the element ``locator`` is visible.</doc>
<status status="PASS" start="2024-07-10T13:23:27.664835" elapsed="0.620877"/>
</kw>
<kw name="Click Element" owner="SeleniumLibrary">
<msg time="2024-07-10T13:23:28.285712" level="INFO">Clicking element 'id=option-select-plan-1'.</msg>
<arg>${locator_Plan-Basic}</arg>
<doc>Click the element identified by ``locator``.</doc>
<status status="PASS" start="2024-07-10T13:23:28.285712" elapsed="0.664472"/>
</kw>
<status status="PASS" start="2024-07-10T13:23:26.389063" elapsed="2.561121"/>
</branch>
<branch type="ELSE IF" condition="${Select-Plan} == 2">
<kw name="Wait Until Element Is Visible" owner="SeleniumLibrary">
<arg>${locator_Select-Plan}</arg>
<doc>Waits until the element ``locator`` is visible.</doc>
<status status="NOT RUN" start="2024-07-10T13:23:28.950184" elapsed="0.000000"/>
</kw>
<kw name="Click Element" owner="SeleniumLibrary">
<arg>${locator_Select-Plan}</arg>
<doc>Click the element identified by ``locator``.</doc>
<status status="NOT RUN" start="2024-07-10T13:23:28.950184" elapsed="0.000000"/>
</kw>
<kw name="Wait Until Element Is Visible" owner="SeleniumLibrary">
<arg>${locator_Plan-Company}</arg>
<doc>Waits until the element ``locator`` is visible.</doc>
<status status="NOT RUN" start="2024-07-10T13:23:28.950184" elapsed="0.000000"/>
</kw>
<kw name="Click Element" owner="SeleniumLibrary">
<arg>${locator_Plan-Company}</arg>
<doc>Click the element identified by ``locator``.</doc>
<status status="NOT RUN" start="2024-07-10T13:23:28.951197" elapsed="0.000000"/>
</kw>
<status status="NOT RUN" start="2024-07-10T13:23:28.950184" elapsed="0.001013"/>
</branch>
<branch type="ELSE IF" condition="${Select-Plan} == 3">
<kw name="Wait Until Element Is Visible" owner="SeleniumLibrary">
<arg>${locator_Select-Plan}</arg>
<doc>Waits until the element ``locator`` is visible.</doc>
<status status="NOT RUN" start="2024-07-10T13:23:28.951197" elapsed="0.000000"/>
</kw>
<kw name="Click Element" owner="SeleniumLibrary">
<arg>${locator_Select-Plan}</arg>
<doc>Click the element identified by ``locator``.</doc>
<status status="NOT RUN" start="2024-07-10T13:23:28.951197" elapsed="0.000000"/>
</kw>
<kw name="Wait Until Element Is Visible" owner="SeleniumLibrary">
<arg>${locator_Plan-Enterprise}</arg>
<doc>Waits until the element ``locator`` is visible.</doc>
<status status="NOT RUN" start="2024-07-10T13:23:28.951197" elapsed="0.000000"/>
</kw>
<kw name="Click Element" owner="SeleniumLibrary">
<arg>${locator_Plan-Enterprise}</arg>
<doc>Click the element identified by ``locator``.</doc>
<status status="NOT RUN" start="2024-07-10T13:23:28.951197" elapsed="0.000000"/>
</kw>
<status status="NOT RUN" start="2024-07-10T13:23:28.951197" elapsed="0.000000"/>
</branch>
<branch type="ELSE IF" condition="${Select-Plan} == 4">
<kw name="Wait Until Element Is Visible" owner="SeleniumLibrary">
<arg>${locator_Select-Plan}</arg>
<doc>Waits until the element ``locator`` is visible.</doc>
<status status="NOT RUN" start="2024-07-10T13:23:28.951197" elapsed="0.000000"/>
</kw>
<kw name="Click Element" owner="SeleniumLibrary">
<arg>${locator_Select-Plan}</arg>
<doc>Click the element identified by ``locator``.</doc>
<status status="NOT RUN" start="2024-07-10T13:23:28.951197" elapsed="0.000000"/>
</kw>
<kw name="Wait Until Element Is Visible" owner="SeleniumLibrary">
<arg>${locator_Plan-Team}</arg>
<doc>Waits until the element ``locator`` is visible.</doc>
<status status="NOT RUN" start="2024-07-10T13:23:28.952197" elapsed="0.000000"/>
</kw>
<kw name="Click Element" owner="SeleniumLibrary">
<arg>${locator_Plan-Team}</arg>
<doc>Click the element identified by ``locator``.</doc>
<status status="NOT RUN" start="2024-07-10T13:23:28.952197" elapsed="0.000000"/>
</kw>
<status status="NOT RUN" start="2024-07-10T13:23:28.951197" elapsed="0.001000"/>
</branch>
<status status="PASS" start="2024-07-10T13:23:26.389063" elapsed="2.563134"/>
</if>
<if>
<branch type="IF" condition="${Select-Status} == 1">
<kw name="Wait Until Element Is Visible" owner="SeleniumLibrary">
<arg>${locator_Select-Status}</arg>
<doc>Waits until the element ``locator`` is visible.</doc>
<status status="NOT RUN" start="2024-07-10T13:23:28.952197" elapsed="0.000000"/>
</kw>
<kw name="Click Element" owner="SeleniumLibrary">
<arg>${locator_Select-Status}</arg>
<doc>Click the element identified by ``locator``.</doc>
<status status="NOT RUN" start="2024-07-10T13:23:28.952197" elapsed="0.000000"/>
</kw>
<kw name="Wait Until Element Is Visible" owner="SeleniumLibrary">
<arg>${locator_Status-Panding}</arg>
<doc>Waits until the element ``locator`` is visible.</doc>
<status status="NOT RUN" start="2024-07-10T13:23:28.952197" elapsed="0.000000"/>
</kw>
<kw name="Click Element" owner="SeleniumLibrary">
<arg>${locator_Status-Panding}</arg>
<doc>Click the element identified by ``locator``.</doc>
<status status="NOT RUN" start="2024-07-10T13:23:28.953196" elapsed="0.000000"/>
</kw>
<status status="NOT RUN" start="2024-07-10T13:23:28.952197" elapsed="0.000999"/>
</branch>
<branch type="ELSE IF" condition="${Select-Status} == 2">
<kw name="Wait Until Element Is Visible" owner="SeleniumLibrary">
<arg>${locator_Select-Status}</arg>
<doc>Waits until the element ``locator`` is visible.</doc>
<status status="NOT RUN" start="2024-07-10T13:23:28.953196" elapsed="0.000000"/>
</kw>
<kw name="Click Element" owner="SeleniumLibrary">
<arg>${locator_Select-Status}</arg>
<doc>Click the element identified by ``locator``.</doc>
<status status="NOT RUN" start="2024-07-10T13:23:28.953196" elapsed="0.000000"/>
</kw>
<kw name="Wait Until Element Is Visible" owner="SeleniumLibrary">
<arg>${locator_Status-Active}</arg>
<doc>Waits until the element ``locator`` is visible.</doc>
<status status="NOT RUN" start="2024-07-10T13:23:28.953196" elapsed="0.000000"/>
</kw>
<kw name="Click Element" owner="SeleniumLibrary">
<arg>${locator_Status-Active}</arg>
<doc>Click the element identified by ``locator``.</doc>
<status status="NOT RUN" start="2024-07-10T13:23:28.953196" elapsed="0.000000"/>
</kw>
<status status="NOT RUN" start="2024-07-10T13:23:28.953196" elapsed="0.000000"/>
</branch>
<branch type="ELSE IF" condition="${Select-Status} == 3">
<kw name="Wait Until Element Is Visible" owner="SeleniumLibrary">
<arg>${locator_Select-Status}</arg>
<doc>Waits until the element ``locator`` is visible.</doc>
<status status="NOT RUN" start="2024-07-10T13:23:28.954196" elapsed="0.000000"/>
</kw>
<kw name="Click Element" owner="SeleniumLibrary">
<arg>${locator_Select-Status}</arg>
<doc>Click the element identified by ``locator``.</doc>
<status status="NOT RUN" start="2024-07-10T13:23:28.954196" elapsed="0.000000"/>
</kw>
<kw name="Wait Until Element Is Visible" owner="SeleniumLibrary">
<arg>${locator_Status-Inactive}</arg>
<doc>Waits until the element ``locator`` is visible.</doc>
<status status="NOT RUN" start="2024-07-10T13:23:28.954196" elapsed="0.000000"/>
</kw>
<kw name="Click Element" owner="SeleniumLibrary">
<arg>${locator_Status-Inactive}</arg>
<doc>Click the element identified by ``locator``.</doc>
<status status="NOT RUN" start="2024-07-10T13:23:28.954196" elapsed="0.000000"/>
</kw>
<status status="NOT RUN" start="2024-07-10T13:23:28.953196" elapsed="0.001000"/>
</branch>
<status status="PASS" start="2024-07-10T13:23:28.952197" elapsed="0.001999"/>
</if>
<kw name="Click Element" owner="SeleniumLibrary">
<msg time="2024-07-10T13:23:28.954196" level="INFO">Clicking element 'id=btn-search'.</msg>
<arg>${locator_Search}</arg>
<doc>Click the element identified by ``locator``.</doc>
<status status="PASS" start="2024-07-10T13:23:28.954196" elapsed="0.683068"/>
</kw>
<kw name="Wait Until Page Contains" owner="SeleniumLibrary">
<arg>${Result}</arg>
<arg>5</arg>
<doc>Waits until ``text`` appears on the current page.</doc>
<status status="PASS" start="2024-07-10T13:23:29.637264" elapsed="0.313500"/>
</kw>
<kw name="Click Element" owner="SeleniumLibrary">
<msg time="2024-07-10T13:23:29.950764" level="INFO">Clicking element 'id=btn-clear'.</msg>
<arg>${locator_Clear}</arg>
<doc>Click the element identified by ``locator``.</doc>
<status status="PASS" start="2024-07-10T13:23:29.950764" elapsed="0.701509"/>
</kw>
<arg>0</arg>
<arg>1</arg>
<arg>0</arg>
<arg>Brockie Myles</arg>
<status status="PASS" start="2024-07-10T13:23:26.385064" elapsed="4.267209"/>
</kw>
<kw name="Select Filters Search" owner="Keyword">
<if>
<branch type="IF" condition="${Select-Role} == 1">
<kw name="Wait Until Element Is Visible" owner="SeleniumLibrary">
<arg>${locator_Select-Role}</arg>
<doc>Waits until the element ``locator`` is visible.</doc>
<status status="NOT RUN" start="2024-07-10T13:23:30.654271" elapsed="0.000000"/>
</kw>
<kw name="Click Element" owner="SeleniumLibrary">
<arg>${locator_Select-Role}</arg>
<doc>Click the element identified by ``locator``.</doc>
<status status="NOT RUN" start="2024-07-10T13:23:30.654271" elapsed="0.000000"/>
</kw>
<kw name="Wait Until Element Is Visible" owner="SeleniumLibrary">
<arg>${locator_Role-Admin}</arg>
<doc>Waits until the element ``locator`` is visible.</doc>
<status status="NOT RUN" start="2024-07-10T13:23:30.654271" elapsed="0.000000"/>
</kw>
<kw name="Click Element" owner="SeleniumLibrary">
<arg>${locator_Role-Admin}</arg>
<doc>Click the element identified by ``locator``.</doc>
<status status="NOT RUN" start="2024-07-10T13:23:30.654271" elapsed="0.000000"/>
</kw>
<status status="NOT RUN" start="2024-07-10T13:23:30.653260" elapsed="0.001011"/>
</branch>
<branch type="ELSE IF" condition="${Select-Role} == 2">
<kw name="Wait Until Element Is Visible" owner="SeleniumLibrary">
<arg>${locator_Select-Role}</arg>
<doc>Waits until the element ``locator`` is visible.</doc>
<status status="NOT RUN" start="2024-07-10T13:23:30.654271" elapsed="0.000000"/>
</kw>
<kw name="Click Element" owner="SeleniumLibrary">
<arg>${locator_Select-Role}</arg>
<doc>Click the element identified by ``locator``.</doc>
<status status="NOT RUN" start="2024-07-10T13:23:30.654271" elapsed="0.000000"/>
</kw>
<kw name="Wait Until Element Is Visible" owner="SeleniumLibrary">
<arg>${locator_Role-Author}</arg>
<doc>Waits until the element ``locator`` is visible.</doc>
<status status="NOT RUN" start="2024-07-10T13:23:30.654271" elapsed="0.000000"/>
</kw>
<kw name="Click Element" owner="SeleniumLibrary">
<arg>${locator_Role-Author}</arg>
<doc>Click the element identified by ``locator``.</doc>
<status status="NOT RUN" start="2024-07-10T13:23:30.655409" elapsed="0.000000"/>
</kw>
<status status="NOT RUN" start="2024-07-10T13:23:30.654271" elapsed="0.001138"/>
</branch>
<branch type="ELSE IF" condition="${Select-Role} == 3">
<kw name="Wait Until Element Is Visible" owner="SeleniumLibrary">
<arg>${locator_Select-Role}</arg>
<doc>Waits until the element ``locator`` is visible.</doc>
<status status="NOT RUN" start="2024-07-10T13:23:30.655409" elapsed="0.000000"/>
</kw>
<kw name="Click Element" owner="SeleniumLibrary">
<arg>${locator_Select-Role}</arg>
<doc>Click the element identified by ``locator``.</doc>
<status status="NOT RUN" start="2024-07-10T13:23:30.655409" elapsed="0.000000"/>
</kw>
<kw name="Wait Until Element Is Visible" owner="SeleniumLibrary">
<arg>${locator_Role-Editor}</arg>
<doc>Waits until the element ``locator`` is visible.</doc>
<status status="NOT RUN" start="2024-07-10T13:23:30.655409" elapsed="0.000000"/>
</kw>
<kw name="Click Element" owner="SeleniumLibrary">
<arg>${locator_Role-Editor}</arg>
<doc>Click the element identified by ``locator``.</doc>
<status status="NOT RUN" start="2024-07-10T13:23:30.656260" elapsed="0.000000"/>
</kw>
<status status="NOT RUN" start="2024-07-10T13:23:30.655409" elapsed="0.000851"/>
</branch>
<branch type="ELSE IF" condition="${Select-Role} == 4">
<kw name="Wait Until Element Is Visible" owner="SeleniumLibrary">
<arg>${locator_Select-Role}</arg>
<doc>Waits until the element ``locator`` is visible.</doc>
<status status="NOT RUN" start="2024-07-10T13:23:30.656260" elapsed="0.000000"/>
</kw>
<kw name="Click Element" owner="SeleniumLibrary">
<arg>${locator_Select-Role}</arg>
<doc>Click the element identified by ``locator``.</doc>
<status status="NOT RUN" start="2024-07-10T13:23:30.656260" elapsed="0.000000"/>
</kw>
<kw name="Wait Until Element Is Visible" owner="SeleniumLibrary">
<arg>${locator_Role-Maintainer}</arg>
<doc>Waits until the element ``locator`` is visible.</doc>
<status status="NOT RUN" start="2024-07-10T13:23:30.656260" elapsed="0.000000"/>
</kw>
<kw name="Click Element" owner="SeleniumLibrary">
<arg>${locator_Role-Maintainer}</arg>
<doc>Click the element identified by ``locator``.</doc>
<status status="NOT RUN" start="2024-07-10T13:23:30.656260" elapsed="0.000000"/>
</kw>
<status status="NOT RUN" start="2024-07-10T13:23:30.656260" elapsed="0.000000"/>
</branch>
<branch type="ELSE IF" condition="${Select-Role} == 5">
<kw name="Wait Until Element Is Visible" owner="SeleniumLibrary">
<arg>${locator_Select-Role}</arg>
<doc>Waits until the element ``locator`` is visible.</doc>
<status status="NOT RUN" start="2024-07-10T13:23:30.657272" elapsed="0.000000"/>
</kw>
<kw name="Click Element" owner="SeleniumLibrary">
<arg>${locator_Select-Role}</arg>
<doc>Click the element identified by ``locator``.</doc>
<status status="NOT RUN" start="2024-07-10T13:23:30.657272" elapsed="0.000000"/>
</kw>
<kw name="Wait Until Element Is Visible" owner="SeleniumLibrary">
<arg>${locator_Role-Subscriber}</arg>
<doc>Waits until the element ``locator`` is visible.</doc>
<status status="NOT RUN" start="2024-07-10T13:23:30.657272" elapsed="0.000000"/>
</kw>
<kw name="Click Element" owner="SeleniumLibrary">
<arg>${locator_Role-Subscriber}</arg>
<doc>Click the element identified by ``locator``.</doc>
<status status="NOT RUN" start="2024-07-10T13:23:30.657272" elapsed="0.000000"/>
</kw>
<status status="NOT RUN" start="2024-07-10T13:23:30.656260" elapsed="0.001012"/>
</branch>
<status status="PASS" start="2024-07-10T13:23:30.653260" elapsed="0.004012"/>
</if>
<if>
<branch type="IF" condition="${Select-Plan} == 1">
<kw name="Wait Until Element Is Visible" owner="SeleniumLibrary">
<arg>${locator_Select-Plan}</arg>
<doc>Waits until the element ``locator`` is visible.</doc>
<status status="NOT RUN" start="2024-07-10T13:23:30.657272" elapsed="0.000000"/>
</kw>
<kw name="Click Element" owner="SeleniumLibrary">
<arg>${locator_Select-Plan}</arg>
<doc>Click the element identified by ``locator``.</doc>
<status status="NOT RUN" start="2024-07-10T13:23:30.657272" elapsed="0.000000"/>
</kw>
<kw name="Wait Until Element Is Visible" owner="SeleniumLibrary">
<arg>${locator_Plan-Basic}</arg>
<doc>Waits until the element ``locator`` is visible.</doc>
<status status="NOT RUN" start="2024-07-10T13:23:30.657272" elapsed="0.000989"/>
</kw>
<kw name="Click Element" owner="SeleniumLibrary">
<arg>${locator_Plan-Basic}</arg>
<doc>Click the element identified by ``locator``.</doc>
<status status="NOT RUN" start="2024-07-10T13:23:30.658261" elapsed="0.000000"/>
</kw>
<status status="NOT RUN" start="2024-07-10T13:23:30.657272" elapsed="0.000989"/>
</branch>
<branch type="ELSE IF" condition="${Select-Plan} == 2">
<kw name="Wait Until Element Is Visible" owner="SeleniumLibrary">
<arg>${locator_Select-Plan}</arg>
<doc>Waits until the element ``locator`` is visible.</doc>
<status status="NOT RUN" start="2024-07-10T13:23:30.658261" elapsed="0.000000"/>
</kw>
<kw name="Click Element" owner="SeleniumLibrary">
<arg>${locator_Select-Plan}</arg>
<doc>Click the element identified by ``locator``.</doc>
<status status="NOT RUN" start="2024-07-10T13:23:30.658261" elapsed="0.000000"/>
</kw>
<kw name="Wait Until Element Is Visible" owner="SeleniumLibrary">
<arg>${locator_Plan-Company}</arg>
<doc>Waits until the element ``locator`` is visible.</doc>
<status status="NOT RUN" start="2024-07-10T13:23:30.658261" elapsed="0.000000"/>
</kw>
<kw name="Click Element" owner="SeleniumLibrary">
<arg>${locator_Plan-Company}</arg>
<doc>Click the element identified by ``locator``.</doc>
<status status="NOT RUN" start="2024-07-10T13:23:30.658261" elapsed="0.000000"/>
</kw>
<status status="NOT RUN" start="2024-07-10T13:23:30.658261" elapsed="0.000000"/>
</branch>
<branch type="ELSE IF" condition="${Select-Plan} == 3">
<kw name="Wait Until Element Is Visible" owner="SeleniumLibrary">
<arg>${locator_Select-Plan}</arg>
<doc>Waits until the element ``locator`` is visible.</doc>
<status status="NOT RUN" start="2024-07-10T13:23:30.659271" elapsed="0.000000"/>
</kw>
<kw name="Click Element" owner="SeleniumLibrary">
<arg>${locator_Select-Plan}</arg>
<doc>Click the element identified by ``locator``.</doc>
<status status="NOT RUN" start="2024-07-10T13:23:30.659271" elapsed="0.000000"/>
</kw>
<kw name="Wait Until Element Is Visible" owner="SeleniumLibrary">
<arg>${locator_Plan-Enterprise}</arg>
<doc>Waits until the element ``locator`` is visible.</doc>
<status status="NOT RUN" start="2024-07-10T13:23:30.659271" elapsed="0.000000"/>
</kw>
<kw name="Click Element" owner="SeleniumLibrary">
<arg>${locator_Plan-Enterprise}</arg>
<doc>Click the element identified by ``locator``.</doc>
<status status="NOT RUN" start="2024-07-10T13:23:30.659271" elapsed="0.000000"/>
</kw>
<status status="NOT RUN" start="2024-07-10T13:23:30.658261" elapsed="0.001010"/>
</branch>
<branch type="ELSE IF" condition="${Select-Plan} == 4">
<kw name="Wait Until Element Is Visible" owner="SeleniumLibrary">
<arg>${locator_Select-Plan}</arg>
<doc>Waits until the element ``locator`` is visible.</doc>
<status status="NOT RUN" start="2024-07-10T13:23:30.659271" elapsed="0.000000"/>
</kw>
<kw name="Click Element" owner="SeleniumLibrary">
<arg>${locator_Select-Plan}</arg>
<doc>Click the element identified by ``locator``.</doc>
<status status="NOT RUN" start="2024-07-10T13:23:30.659271" elapsed="0.000000"/>
</kw>
<kw name="Wait Until Element Is Visible" owner="SeleniumLibrary">
<arg>${locator_Plan-Team}</arg>
<doc>Waits until the element ``locator`` is visible.</doc>
<status status="NOT RUN" start="2024-07-10T13:23:30.659271" elapsed="0.000000"/>
</kw>
<kw name="Click Element" owner="SeleniumLibrary">
<arg>${locator_Plan-Team}</arg>
<doc>Click the element identified by ``locator``.</doc>
<status status="NOT RUN" start="2024-07-10T13:23:30.659271" elapsed="0.000989"/>
</kw>
<status status="NOT RUN" start="2024-07-10T13:23:30.659271" elapsed="0.000989"/>
</branch>
<status status="PASS" start="2024-07-10T13:23:30.657272" elapsed="0.002988"/>
</if>
<if>
<branch type="IF" condition="${Select-Status} == 1">
<kw name="Wait Until Element Is Visible" owner="SeleniumLibrary">
<arg>${locator_Select-Status}</arg>
<doc>Waits until the element ``locator`` is visible.</doc>
<status status="PASS" start="2024-07-10T13:23:30.660260" elapsed="0.623458"/>
</kw>
<kw name="Click Element" owner="SeleniumLibrary">
<msg time="2024-07-10T13:23:31.283718" level="INFO">Clicking element 'id=select-status'.</msg>
<arg>${locator_Select-Status}</arg>
<doc>Click the element identified by ``locator``.</doc>
<status status="PASS" start="2024-07-10T13:23:31.283718" elapsed="0.650977"/>
</kw>
<kw name="Wait Until Element Is Visible" owner="SeleniumLibrary">
<arg>${locator_Status-Panding}</arg>
<doc>Waits until the element ``locator`` is visible.</doc>
<status status="PASS" start="2024-07-10T13:23:31.934695" elapsed="0.625678"/>
</kw>
<kw name="Click Element" owner="SeleniumLibrary">
<msg time="2024-07-10T13:23:32.560373" level="INFO">Clicking element 'id=option-select-status-1'.</msg>
<arg>${locator_Status-Panding}</arg>
<doc>Click the element identified by ``locator``.</doc>
<status status="PASS" start="2024-07-10T13:23:32.560373" elapsed="0.658529"/>
</kw>
<status status="PASS" start="2024-07-10T13:23:30.660260" elapsed="2.558642"/>
</branch>
<branch type="ELSE IF" condition="${Select-Status} == 2">
<kw name="Wait Until Element Is Visible" owner="SeleniumLibrary">
<arg>${locator_Select-Status}</arg>
<doc>Waits until the element ``locator`` is visible.</doc>
<status status="NOT RUN" start="2024-07-10T13:23:33.218902" elapsed="0.000000"/>
</kw>
<kw name="Click Element" owner="SeleniumLibrary">
<arg>${locator_Select-Status}</arg>
<doc>Click the element identified by ``locator``.</doc>
<status status="NOT RUN" start="2024-07-10T13:23:33.218902" elapsed="0.000000"/>
</kw>
<kw name="Wait Until Element Is Visible" owner="SeleniumLibrary">
<arg>${locator_Status-Active}</arg>
<doc>Waits until the element ``locator`` is visible.</doc>
<status status="NOT RUN" start="2024-07-10T13:23:33.218902" elapsed="0.000000"/>
</kw>
<kw name="Click Element" owner="SeleniumLibrary">
<arg>${locator_Status-Active}</arg>
<doc>Click the element identified by ``locator``.</doc>
<status status="NOT RUN" start="2024-07-10T13:23:33.219888" elapsed="0.000000"/>
</kw>
<status status="NOT RUN" start="2024-07-10T13:23:33.218902" elapsed="0.000986"/>
</branch>
<branch type="ELSE IF" condition="${Select-Status} == 3">
<kw name="Wait Until Element Is Visible" owner="SeleniumLibrary">
<arg>${locator_Select-Status}</arg>
<doc>Waits until the element ``locator`` is visible.</doc>
<status status="NOT RUN" start="2024-07-10T13:23:33.219888" elapsed="0.000000"/>
</kw>
<kw name="Click Element" owner="SeleniumLibrary">
<arg>${locator_Select-Status}</arg>
<doc>Click the element identified by ``locator``.</doc>
<status status="NOT RUN" start="2024-07-10T13:23:33.219888" elapsed="0.000000"/>
</kw>
<kw name="Wait Until Element Is Visible" owner="SeleniumLibrary">
<arg>${locator_Status-Inactive}</arg>
<doc>Waits until the element ``locator`` is visible.</doc>
<status status="NOT RUN" start="2024-07-10T13:23:33.219888" elapsed="0.000000"/>
</kw>
<kw name="Click Element" owner="SeleniumLibrary">
<arg>${locator_Status-Inactive}</arg>
<doc>Click the element identified by ``locator``.</doc>
<status status="NOT RUN" start="2024-07-10T13:23:33.219888" elapsed="0.000000"/>
</kw>
<status status="NOT RUN" start="2024-07-10T13:23:33.219888" elapsed="0.000000"/>
</branch>
<status status="PASS" start="2024-07-10T13:23:30.660260" elapsed="2.560628"/>
</if>
<kw name="Click Element" owner="SeleniumLibrary">
<msg time="2024-07-10T13:23:33.220888" level="INFO">Clicking element 'id=btn-search'.</msg>
<arg>${locator_Search}</arg>
<doc>Click the element identified by ``locator``.</doc>
<status status="PASS" start="2024-07-10T13:23:33.220888" elapsed="0.666608"/>
</kw>
<kw name="Wait Until Page Contains" owner="SeleniumLibrary">
<arg>${Result}</arg>
<arg>5</arg>
<doc>Waits until ``text`` appears on the current page.</doc>
<status status="PASS" start="2024-07-10T13:23:33.887496" elapsed="0.313687"/>
</kw>
<kw name="Click Element" owner="SeleniumLibrary">
<msg time="2024-07-10T13:23:34.201183" level="INFO">Clicking element 'id=btn-clear'.</msg>
<arg>${locator_Clear}</arg>
<doc>Click the element identified by ``locator``.</doc>
<status status="PASS" start="2024-07-10T13:23:34.201183" elapsed="0.698218"/>
</kw>
<arg>0</arg>
<arg>0</arg>
<arg>1</arg>
<arg>Franz Scotfurth</arg>
<status status="PASS" start="2024-07-10T13:23:30.653260" elapsed="4.246141"/>
</kw>
<kw name="Select Filters Search" owner="Keyword">
<if>
<branch type="IF" condition="${Select-Role} == 1">
<kw name="Wait Until Element Is Visible" owner="SeleniumLibrary">
<arg>${locator_Select-Role}</arg>
<doc>Waits until the element ``locator`` is visible.</doc>
<status status="NOT RUN" start="2024-07-10T13:23:34.901035" elapsed="0.000000"/>
</kw>
<kw name="Click Element" owner="SeleniumLibrary">
<arg>${locator_Select-Role}</arg>
<doc>Click the element identified by ``locator``.</doc>
<status status="NOT RUN" start="2024-07-10T13:23:34.901035" elapsed="0.000000"/>
</kw>
<kw name="Wait Until Element Is Visible" owner="SeleniumLibrary">
<arg>${locator_Role-Admin}</arg>
<doc>Waits until the element ``locator`` is visible.</doc>
<status status="NOT RUN" start="2024-07-10T13:23:34.901564" elapsed="0.000000"/>
</kw>
<kw name="Click Element" owner="SeleniumLibrary">
<arg>${locator_Role-Admin}</arg>
<doc>Click the element identified by ``locator``.</doc>
<status status="NOT RUN" start="2024-07-10T13:23:34.901564" elapsed="0.000000"/>
</kw>
<status status="NOT RUN" start="2024-07-10T13:23:34.901035" elapsed="0.000529"/>
</branch>
<branch type="ELSE IF" condition="${Select-Role} == 2">
<kw name="Wait Until Element Is Visible" owner="SeleniumLibrary">
<arg>${locator_Select-Role}</arg>
<doc>Waits until the element ``locator`` is visible.</doc>
<status status="PASS" start="2024-07-10T13:23:34.901564" elapsed="0.622282"/>
</kw>
<kw name="Click Element" owner="SeleniumLibrary">
<msg time="2024-07-10T13:23:35.523846" level="INFO">Clicking element 'id=select-role'.</msg>
<arg>${locator_Select-Role}</arg>
<doc>Click the element identified by ``locator``.</doc>
<status status="PASS" start="2024-07-10T13:23:35.523846" elapsed="0.643417"/>
</kw>
<kw name="Wait Until Element Is Visible" owner="SeleniumLibrary">
<arg>${locator_Role-Author}</arg>
<doc>Waits until the element ``locator`` is visible.</doc>
<status status="PASS" start="2024-07-10T13:23:36.167263" elapsed="0.624669"/>
</kw>
<kw name="Click Element" owner="SeleniumLibrary">
<msg time="2024-07-10T13:23:36.791932" level="INFO">Clicking element 'id=option-select-role-2'.</msg>
<arg>${locator_Role-Author}</arg>
<doc>Click the element identified by ``locator``.</doc>
<status status="PASS" start="2024-07-10T13:23:36.791932" elapsed="0.666178"/>
</kw>
<status status="PASS" start="2024-07-10T13:23:34.901564" elapsed="2.556546"/>
</branch>
<branch type="ELSE IF" condition="${Select-Role} == 3">
<kw name="Wait Until Element Is Visible" owner="SeleniumLibrary">
<arg>${locator_Select-Role}</arg>
<doc>Waits until the element ``locator`` is visible.</doc>
<status status="NOT RUN" start="2024-07-10T13:23:37.458110" elapsed="0.000000"/>
</kw>
<kw name="Click Element" owner="SeleniumLibrary">
<arg>${locator_Select-Role}</arg>
<doc>Click the element identified by ``locator``.</doc>
<status status="NOT RUN" start="2024-07-10T13:23:37.459108" elapsed="0.000000"/>
</kw>
<kw name="Wait Until Element Is Visible" owner="SeleniumLibrary">
<arg>${locator_Role-Editor}</arg>
<doc>Waits until the element ``locator`` is visible.</doc>
<status status="NOT RUN" start="2024-07-10T13:23:37.459108" elapsed="0.000000"/>
</kw>
<kw name="Click Element" owner="SeleniumLibrary">
<arg>${locator_Role-Editor}</arg>
<doc>Click the element identified by ``locator``.</doc>
<status status="NOT RUN" start="2024-07-10T13:23:37.459108" elapsed="0.000000"/>
</kw>
<status status="NOT RUN" start="2024-07-10T13:23:37.458110" elapsed="0.000998"/>
</branch>
<branch type="ELSE IF" condition="${Select-Role} == 4">
<kw name="Wait Until Element Is Visible" owner="SeleniumLibrary">
<arg>${locator_Select-Role}</arg>
<doc>Waits until the element ``locator`` is visible.</doc>
<status status="NOT RUN" start="2024-07-10T13:23:37.459108" elapsed="0.000000"/>
</kw>
<kw name="Click Element" owner="SeleniumLibrary">
<arg>${locator_Select-Role}</arg>
<doc>Click the element identified by ``locator``.</doc>
<status status="NOT RUN" start="2024-07-10T13:23:37.459108" elapsed="0.000999"/>
</kw>
<kw name="Wait Until Element Is Visible" owner="SeleniumLibrary">
<arg>${locator_Role-Maintainer}</arg>
<doc>Waits until the element ``locator`` is visible.</doc>
[...]
<status status="PASS" start="2024-07-10T13:29:54.385530" elapsed="0.972031"/>
</branch>
<status status="PASS" start="2024-07-10T13:29:54.385530" elapsed="0.972031"/>
</if>
<if>
<branch type="IF" condition="${Courses} == 1">
<kw name="Select Checkbox" owner="SeleniumLibrary">
<arg>${locator_Check_SQL}</arg>
<doc>Selects the checkbox identified by ``locator``.</doc>
<status status="NOT RUN" start="2024-07-10T13:29:55.357561" elapsed="0.000000"/>
</kw>
<status status="NOT RUN" start="2024-07-10T13:29:55.357561" elapsed="0.000000"/>
</branch>
<branch type="ELSE IF" condition="${Courses} == 2">
<kw name="Select Checkbox" owner="SeleniumLibrary">
<arg>${locator_Check_Manual}</arg>
<doc>Selects the checkbox identified by ``locator``.</doc>
<status status="NOT RUN" start="2024-07-10T13:29:55.358562" elapsed="0.000000"/>
</kw>
<status status="NOT RUN" start="2024-07-10T13:29:55.357561" elapsed="0.001001"/>
</branch>
<branch type="ELSE IF" condition="${Courses} == 3">
<kw name="Select Checkbox" owner="SeleniumLibrary">
<arg>${locator_Check_Automate}</arg>
<doc>Selects the checkbox identified by ``locator``.</doc>
<status status="NOT RUN" start="2024-07-10T13:29:55.358562" elapsed="0.000000"/>
</kw>
<status status="NOT RUN" start="2024-07-10T13:29:55.358562" elapsed="0.000000"/>
</branch>
<branch type="ELSE IF" condition="${Courses} == 4">
<kw name="Select Checkbox" owner="SeleniumLibrary">
<msg time="2024-07-10T13:29:55.359562" level="INFO">Selecting checkbox 'name=courses.Automate Test2'.</msg>
<arg>${locator_Check_Automate2}</arg>
<doc>Selects the checkbox identified by ``locator``.</doc>
<status status="PASS" start="2024-07-10T13:29:55.358562" elapsed="1.597451"/>
</kw>
<status status="PASS" start="2024-07-10T13:29:55.358562" elapsed="1.597451"/>
</branch>
<status status="PASS" start="2024-07-10T13:29:55.357561" elapsed="1.598452"/>
</if>
<if>
<branch type="IF" condition="${Nationnal} == 1">
<kw name="Select National" owner="Keyword">
<kw name="Click Element" owner="SeleniumLibrary">
<msg time="2024-07-10T13:29:56.957015" level="INFO">Clicking element 'id=nationality'.</msg>
<arg>${locator_select_Nation}</arg>
<doc>Click the element identified by ``locator``.</doc>
<status status="PASS" start="2024-07-10T13:29:56.957015" elapsed="0.793288"/>
</kw>
<kw name="Wait Until Element Is Visible" owner="SeleniumLibrary">
<arg>${locator_select_Nation_list}</arg>
<arg>5</arg>
<doc>Waits until the element ``locator`` is visible.</doc>
<status status="PASS" start="2024-07-10T13:29:57.750303" elapsed="0.624369"/>
</kw>
<kw name="Click Element" owner="SeleniumLibrary">
<msg time="2024-07-10T13:29:58.374672" level="INFO">Clicking element 'css=#menu- &gt; div.MuiPaper-root.MuiPaper-elevation.MuiPaper-rounded.MuiPaper-elevation1.MuiMenu-paper.MuiPaper-root.MuiPaper-elevation.MuiPaper-rounded.MuiPaper-elevation8.MuiPopover-paper.css-1u9pw9f &gt; ul &gt; li:nth-child(221)'.</msg>
<arg>${locator_select_Nation_list}</arg>
<doc>Click the element identified by ``locator``.</doc>
<status status="PASS" start="2024-07-10T13:29:58.374672" elapsed="0.759785"/>
</kw>
<status status="PASS" start="2024-07-10T13:29:56.956013" elapsed="2.178444"/>
</kw>
<status status="PASS" start="2024-07-10T13:29:56.956013" elapsed="2.178444"/>
</branch>
<status status="PASS" start="2024-07-10T13:29:56.956013" elapsed="2.178444"/>
</if>
<if>
<branch type="IF" condition="${Role} == 1">
<kw name="Select Role" owner="Keyword">
<status status="NOT RUN" start="2024-07-10T13:29:59.134457" elapsed="0.000000"/>
</kw>
<status status="NOT RUN" start="2024-07-10T13:29:59.134457" elapsed="0.000000"/>
</branch>
<status status="PASS" start="2024-07-10T13:29:59.134457" elapsed="0.000000"/>
</if>
<if>
<branch type="IF" condition="${Plan} == 1">
<kw name="Select Plan" owner="Keyword">
<kw name="Click Element" owner="SeleniumLibrary">
<msg time="2024-07-10T13:29:59.135476" level="INFO">Clicking element 'id=select-plan'.</msg>
<arg>${locator_select_Plan}</arg>
<doc>Click the element identified by ``locator``.</doc>
<status status="PASS" start="2024-07-10T13:29:59.135476" elapsed="0.646749"/>
</kw>
<kw name="Wait Until Element Is Visible" owner="SeleniumLibrary">
<arg>${locator_select_Plan_list}</arg>
<arg>5</arg>
<doc>Waits until the element ``locator`` is visible.</doc>
<status status="PASS" start="2024-07-10T13:29:59.782225" elapsed="0.627405"/>
</kw>
<kw name="Click Element" owner="SeleniumLibrary">
<msg time="2024-07-10T13:30:00.409630" level="INFO">Clicking element 'Xpath=//*[@id="menu-"]/div[3]/ul/li[2]'.</msg>
<arg>${locator_select_Plan_list}</arg>
<doc>Click the element identified by ``locator``.</doc>
<status status="PASS" start="2024-07-10T13:30:00.409630" elapsed="0.656002"/>
</kw>
<status status="PASS" start="2024-07-10T13:29:59.135476" elapsed="1.930156"/>
</kw>
<status status="PASS" start="2024-07-10T13:29:59.135476" elapsed="1.930156"/>
</branch>
<status status="PASS" start="2024-07-10T13:29:59.134457" elapsed="1.931175"/>
</if>
<kw name="Click Element" owner="SeleniumLibrary">
<msg time="2024-07-10T13:30:01.065632" level="INFO">Clicking element 'Xpath=//*[@id="__next"]/div[1]/div[2]/main/div/div[3]/div/div/div/form/button'.</msg>
<arg>${locator_SIGNUP}</arg>
<doc>Click the element identified by ``locator``.</doc>
<status status="PASS" start="2024-07-10T13:30:01.065632" elapsed="0.671579"/>
</kw>
<kw name="Verify Error msg" owner="Keyword">
<kw name="Get Text" owner="SeleniumLibrary">
<msg time="2024-07-10T13:30:02.361312" level="INFO">${text} = This field is required</msg>
<var>${text}</var>
<arg>${locatorMsg}</arg>
<doc>Returns the text value of the element identified by ``locator``.</doc>
<status status="PASS" start="2024-07-10T13:30:01.737211" elapsed="0.624101"/>
</kw>
<kw name="Should Be Equal As Strings" owner="BuiltIn">
<arg>${text}</arg>
<arg>${ErrorMsg}</arg>
<doc>Fails if objects are unequal after converting them to strings.</doc>
<status status="PASS" start="2024-07-10T13:30:02.361312" elapsed="0.001003"/>
</kw>
<arg>${locatorMsg}</arg>
<arg>${MsgError}</arg>
<status status="PASS" start="2024-07-10T13:30:01.737211" elapsed="0.625104"/>
</kw>
<kw name="Close Browser" owner="SeleniumLibrary">
<doc>Closes the current browser.</doc>
<status status="PASS" start="2024-07-10T13:30:02.362315" elapsed="2.418760"/>
</kw>
<arg>กนกนวล</arg>
<arg>อินขาน</arg>
<arg>Beam1234@gmail.com</arg>
<arg>1234567890</arg>
<arg>08222222222</arg>
<arg>male</arg>
<arg>4</arg>
<arg>1</arg>
<arg>0</arg>
<arg>1</arg>
<arg>${locator_Role_Error}</arg>
<arg>This field is required</arg>
<status status="PASS" start="2024-07-10T13:29:40.775508" elapsed="24.005567"/>
</kw>
<kw name="Input Add User Data Fail Error Msg" owner="Keyword">
<kw name="Open Browser" owner="SeleniumLibrary">
<msg time="2024-07-10T13:30:04.783095" level="INFO">Opening browser 'gc' to base url 'https://automate-test.stpb-digital.com/user/form/'.</msg>
<arg>${Url_AddUser}</arg>
<arg>gc</arg>
<doc>Opens a new browser instance to the optional ``url``.</doc>
<status status="PASS" start="2024-07-10T13:30:04.783095" elapsed="2.231256"/>
</kw>
<kw name="Maximize Browser Window" owner="SeleniumLibrary">
<doc>Maximizes current browser window.</doc>
<status status="PASS" start="2024-07-10T13:30:07.014351" elapsed="0.330003"/>
</kw>
<kw name="Input Text" owner="SeleniumLibrary">
<msg time="2024-07-10T13:30:07.344354" level="INFO">Typing text 'user.test@krupbeam.com' into text field 'id=email'.</msg>
<arg>${locator_Email}</arg>
<arg>user.test@krupbeam.com</arg>
<doc>Types the given ``text`` into the text field identified by ``locator``.</doc>
<status status="PASS" start="2024-07-10T13:30:07.344354" elapsed="1.023813"/>
</kw>
<kw name="Input Text" owner="SeleniumLibrary">
<msg time="2024-07-10T13:30:08.368167" level="INFO">Typing text '123456789' into text field 'name=password'.</msg>
<arg>${locator_Password}</arg>
<arg>123456789</arg>
<doc>Types the given ``text`` into the text field identified by ``locator``.</doc>
<status status="PASS" start="2024-07-10T13:30:08.368167" elapsed="1.014000"/>
</kw>
<kw name="Click Element" owner="SeleniumLibrary">
<msg time="2024-07-10T13:30:09.382167" level="INFO">Clicking element 'id=btn-login'.</msg>
<arg>${locator_Login}</arg>
<doc>Click the element identified by ``locator``.</doc>
<status status="PASS" start="2024-07-10T13:30:09.382167" elapsed="0.685249"/>
</kw>
<kw name="Wait Until Element Is Visible" owner="SeleniumLibrary">
<arg>${locator_Firsname}</arg>
<doc>Waits until the element ``locator`` is visible.</doc>
<status status="PASS" start="2024-07-10T13:30:10.067416" elapsed="0.627979"/>
</kw>
<kw name="Input Text" owner="SeleniumLibrary">
<msg time="2024-07-10T13:30:10.695934" level="INFO">Typing text 'กนกนวล' into text field 'id=firstname'.</msg>
<arg>${locator_Firsname}</arg>
<arg>${Fname}</arg>
<doc>Types the given ``text`` into the text field identified by ``locator``.</doc>
<status status="PASS" start="2024-07-10T13:30:10.695395" elapsed="0.982974"/>
</kw>
<kw name="Wait Until Element Is Visible" owner="SeleniumLibrary">
<arg>${locator_Lastname}</arg>
<doc>Waits until the element ``locator`` is visible.</doc>
<status status="PASS" start="2024-07-10T13:30:11.678369" elapsed="0.627922"/>
</kw>
<kw name="Input Text" owner="SeleniumLibrary">
<msg time="2024-07-10T13:30:12.306291" level="INFO">Typing text 'อินขาน' into text field 'id=lastname'.</msg>
<arg>${locator_Lastname}</arg>
<arg>${Lname}</arg>
<doc>Types the given ``text`` into the text field identified by ``locator``.</doc>
<status status="PASS" start="2024-07-10T13:30:12.306291" elapsed="0.990027"/>
</kw>
<kw name="Wait Until Element Is Visible" owner="SeleniumLibrary">
<arg>${locator_Email_Regis}</arg>
<doc>Waits until the element ``locator`` is visible.</doc>
<status status="PASS" start="2024-07-10T13:30:13.296318" elapsed="0.616733"/>
</kw>
<kw name="Input Text" owner="SeleniumLibrary">
<msg time="2024-07-10T13:30:13.913051" level="INFO">Typing text 'Beam1234@gmail.com' into text field 'id=email'.</msg>
<arg>${locator_Email_Regis}</arg>
<arg>${Email}</arg>
<doc>Types the given ``text`` into the text field identified by ``locator``.</doc>
<status status="PASS" start="2024-07-10T13:30:13.913051" elapsed="1.032069"/>
</kw>
<kw name="Wait Until Element Is Visible" owner="SeleniumLibrary">
<arg>${locator_Password_regis}</arg>
<doc>Waits until the element ``locator`` is visible.</doc>
<status status="PASS" start="2024-07-10T13:30:14.945120" elapsed="0.621250"/>
</kw>
<kw name="Input Text" owner="SeleniumLibrary">
<msg time="2024-07-10T13:30:15.566370" level="INFO">Typing text '1234567890' into text field 'id=password'.</msg>
<arg>${locator_Password_regis}</arg>
<arg>${Password}</arg>
<doc>Types the given ``text`` into the text field identified by ``locator``.</doc>
<status status="PASS" start="2024-07-10T13:30:15.566370" elapsed="1.017820"/>
</kw>
<kw name="Wait Until Element Is Visible" owner="SeleniumLibrary">
<arg>${locator_MobilePhone}</arg>
<doc>Waits until the element ``locator`` is visible.</doc>
<status status="PASS" start="2024-07-10T13:30:16.584190" elapsed="0.625557"/>
</kw>
<kw name="Input Text" owner="SeleniumLibrary">
<msg time="2024-07-10T13:30:17.210272" level="INFO">Typing text '08222222222' into text field 'id=mobile-phone'.</msg>
<arg>${locator_MobilePhone}</arg>
<arg>${Phone}</arg>
<doc>Types the given ``text`` into the text field identified by ``locator``.</doc>
<status status="PASS" start="2024-07-10T13:30:17.209747" elapsed="0.999220"/>
</kw>
<if>
<branch type="IF" condition="&quot;${Gender}&quot; != &quot;empty&quot;">
<kw name="Select Radio Button" owner="SeleniumLibrary">
<msg time="2024-07-10T13:30:18.208967" level="INFO">Selecting 'male' from radio button 'validation-basic-radio'.</msg>
<arg>${locator_Gender}</arg>
<arg>${Gender}</arg>
<doc>Sets the radio button group ``group_name`` to ``value``.</doc>
<status status="PASS" start="2024-07-10T13:30:18.208967" elapsed="0.967704"/>
</kw>
<status status="PASS" start="2024-07-10T13:30:18.208967" elapsed="0.967704"/>
</branch>
<status status="PASS" start="2024-07-10T13:30:18.208967" elapsed="0.967704"/>
</if>
<if>
<branch type="IF" condition="${Courses} == 1">
<kw name="Select Checkbox" owner="SeleniumLibrary">
<msg time="2024-07-10T13:30:19.177681" level="INFO">Selecting checkbox 'name=courses.SQL'.</msg>
<arg>${locator_Check_SQL}</arg>
<doc>Selects the checkbox identified by ``locator``.</doc>
<status status="PASS" start="2024-07-10T13:30:19.176671" elapsed="1.585798"/>
</kw>
<status status="PASS" start="2024-07-10T13:30:19.176671" elapsed="1.585798"/>
</branch>
<branch type="ELSE IF" condition="${Courses} == 2">
<kw name="Select Checkbox" owner="SeleniumLibrary">
<arg>${locator_Check_Manual}</arg>
<doc>Selects the checkbox identified by ``locator``.</doc>
<status status="NOT RUN" start="2024-07-10T13:30:20.762469" elapsed="0.000000"/>
</kw>
<status status="NOT RUN" start="2024-07-10T13:30:20.762469" elapsed="0.000000"/>
</branch>
<branch type="ELSE IF" condition="${Courses} == 3">
<kw name="Select Checkbox" owner="SeleniumLibrary">
<arg>${locator_Check_Automate}</arg>
<doc>Selects the checkbox identified by ``locator``.</doc>
<status status="NOT RUN" start="2024-07-10T13:30:20.762469" elapsed="0.000000"/>
</kw>
<status status="NOT RUN" start="2024-07-10T13:30:20.762469" elapsed="0.000000"/>
</branch>
<branch type="ELSE IF" condition="${Courses} == 4">
<kw name="Select Checkbox" owner="SeleniumLibrary">
<arg>${locator_Check_Automate2}</arg>
<doc>Selects the checkbox identified by ``locator``.</doc>
<status status="NOT RUN" start="2024-07-10T13:30:20.762469" elapsed="0.000000"/>
</kw>
<status status="NOT RUN" start="2024-07-10T13:30:20.762469" elapsed="0.000000"/>
</branch>
<status status="PASS" start="2024-07-10T13:30:19.176671" elapsed="1.585798"/>
</if>
<if>
<branch type="IF" condition="${Nationnal} == 1">
<kw name="Select National" owner="Keyword">
<kw name="Click Element" owner="SeleniumLibrary">
<msg time="2024-07-10T13:30:20.763477" level="INFO">Clicking element 'id=nationality'.</msg>
<arg>${locator_select_Nation}</arg>
<doc>Click the element identified by ``locator``.</doc>
<status status="PASS" start="2024-07-10T13:30:20.763477" elapsed="0.789722"/>
</kw>
<kw name="Wait Until Element Is Visible" owner="SeleniumLibrary">
<arg>${locator_select_Nation_list}</arg>
<arg>5</arg>
<doc>Waits until the element ``locator`` is visible.</doc>
<status status="PASS" start="2024-07-10T13:30:21.553709" elapsed="0.624756"/>
</kw>
<kw name="Click Element" owner="SeleniumLibrary">
<msg time="2024-07-10T13:30:22.178465" level="INFO">Clicking element 'css=#menu- &gt; div.MuiPaper-root.MuiPaper-elevation.MuiPaper-rounded.MuiPaper-elevation1.MuiMenu-paper.MuiPaper-root.MuiPaper-elevation.MuiPaper-rounded.MuiPaper-elevation8.MuiPopover-paper.css-1u9pw9f &gt; ul &gt; li:nth-child(221)'.</msg>
<arg>${locator_select_Nation_list}</arg>
<doc>Click the element identified by ``locator``.</doc>
<status status="PASS" start="2024-07-10T13:30:22.178465" elapsed="0.790000"/>
</kw>
<status status="PASS" start="2024-07-10T13:30:20.763477" elapsed="2.204988"/>
</kw>
<status status="PASS" start="2024-07-10T13:30:20.763477" elapsed="2.204988"/>
</branch>
<status status="PASS" start="2024-07-10T13:30:20.763477" elapsed="2.204988"/>
</if>
<if>
<branch type="IF" condition="${Role} == 1">
<kw name="Select Role" owner="Keyword">
<kw name="Click Element" owner="SeleniumLibrary">
<msg time="2024-07-10T13:30:22.970454" level="INFO">Clicking element 'id=select-role'.</msg>
<arg>${locator_select_Role}</arg>
<doc>Click the element identified by ``locator``.</doc>
<status status="PASS" start="2024-07-10T13:30:22.970454" elapsed="0.656999"/>
</kw>
<kw name="Wait Until Element Is Visible" owner="SeleniumLibrary">
<arg>${locator_select_Role_list}</arg>
<arg>5</arg>
<doc>Waits until the element ``locator`` is visible.</doc>
<status status="PASS" start="2024-07-10T13:30:23.627453" elapsed="0.626389"/>
</kw>
<kw name="Click Element" owner="SeleniumLibrary">
<msg time="2024-07-10T13:30:24.253842" level="INFO">Clicking element 'Xpath=//*[@id="menu-"]/div[3]/ul/li[1]'.</msg>
<arg>${locator_select_Role_list}</arg>
<doc>Click the element identified by ``locator``.</doc>
<status status="PASS" start="2024-07-10T13:30:24.253842" elapsed="0.655266"/>
</kw>
<status status="PASS" start="2024-07-10T13:30:22.969455" elapsed="1.939653"/>
</kw>
<status status="PASS" start="2024-07-10T13:30:22.968465" elapsed="1.940643"/>
</branch>
<status status="PASS" start="2024-07-10T13:30:22.968465" elapsed="1.940643"/>
</if>
<if>
<branch type="IF" condition="${Plan} == 1">
<kw name="Select Plan" owner="Keyword">
<status status="NOT RUN" start="2024-07-10T13:30:24.909108" elapsed="0.000000"/>
</kw>
<status status="NOT RUN" start="2024-07-10T13:30:24.909108" elapsed="0.000000"/>
</branch>
<status status="PASS" start="2024-07-10T13:30:24.909108" elapsed="0.000000"/>
</if>
<kw name="Click Element" owner="SeleniumLibrary">
<msg time="2024-07-10T13:30:24.910122" level="INFO">Clicking element 'Xpath=//*[@id="__next"]/div[1]/div[2]/main/div/div[3]/div/div/div/form/button'.</msg>
<arg>${locator_SIGNUP}</arg>
<doc>Click the element identified by ``locator``.</doc>
<status status="PASS" start="2024-07-10T13:30:24.910122" elapsed="0.670449"/>
</kw>
<kw name="Verify Error msg" owner="Keyword">
<kw name="Get Text" owner="SeleniumLibrary">
<msg time="2024-07-10T13:30:26.207104" level="INFO">${text} = This field is required</msg>
<var>${text}</var>
<arg>${locatorMsg}</arg>
<doc>Returns the text value of the element identified by ``locator``.</doc>
<status status="PASS" start="2024-07-10T13:30:25.580571" elapsed="0.626533"/>
</kw>
<kw name="Should Be Equal As Strings" owner="BuiltIn">
<arg>${text}</arg>
<arg>${ErrorMsg}</arg>
<doc>Fails if objects are unequal after converting them to strings.</doc>
<status status="PASS" start="2024-07-10T13:30:26.207104" elapsed="0.000999"/>
</kw>
<arg>${locatorMsg}</arg>
<arg>${MsgError}</arg>
<status status="PASS" start="2024-07-10T13:30:25.580571" elapsed="0.627532"/>
</kw>
<kw name="Close Browser" owner="SeleniumLibrary">
<doc>Closes the current browser.</doc>
<status status="PASS" start="2024-07-10T13:30:26.208103" elapsed="2.369391"/>
</kw>
<arg>กนกนวล</arg>
<arg>อินขาน</arg>
<arg>Beam1234@gmail.com</arg>
<arg>1234567890</arg>
<arg>08222222222</arg>
<arg>male</arg>
<arg>1</arg>
<arg>1</arg>
<arg>1</arg>
<arg>0</arg>
<arg>${locator_Plan_Error}</arg>
<arg>This field is required</arg>
<status status="PASS" start="2024-07-10T13:30:04.782083" elapsed="23.795411"/>
</kw>
<kw name="Close All Browsers" owner="SeleniumLibrary" type="TEARDOWN">
<doc>Closes all open browsers and resets the browser cache.</doc>
<status status="PASS" start="2024-07-10T13:30:28.578482" elapsed="0.000000"/>
</kw>
<doc>ใช้สำหรับทดสอบกรณีกรอกข้อมูลไม่ครบถ้วนหรือไม่ตรงตาม Format</doc>
<tag>Test Fail</tag>
<status status="PASS" start="2024-07-10T13:25:27.226054" elapsed="301.352428"/>
</test>
<kw name="Close All Browsers" owner="SeleniumLibrary" type="TEARDOWN">
<doc>Closes all open browsers and resets the browser cache.</doc>
<status status="PASS" start="2024-07-10T13:30:28.579480" elapsed="0.001001"/>
</kw>
<status status="PASS" start="2024-07-10T13:22:37.953136" elapsed="470.627345"/>
</suite>
<statistics>
<total>
<stat pass="7" fail="0" skip="0">All Tests</stat>
</total>
<tag>
<stat pass="2" fail="0" skip="0">Test Fail</stat>
<stat pass="5" fail="0" skip="0">Test Pass</stat>
</tag>
<suite>
<stat pass="7" fail="0" skip="0" id="s1" name="Kittisak WebUI Test">Kittisak WebUI Test</stat>
</suite>
</statistics>
<errors>
</errors>
</robot>
